Error parsing instrumented code: ReferenceError: window is not defined
Error parsing instrumented code: ReferenceError: document is not defined
Error parsing instrumented code: ReferenceError: document is not defined
Error parsing instrumented code: ReferenceError: document is not defined
Error parsing instrumented code: ReferenceError: document is not defined
SF:/Users/gertrudenyenyeshi/Desktop/code/checkpoints/check-4/app/scripts/actions/BaseActions.js
DA:1,16
DA:2,16
DA:3,16
DA:4,16
DA:6,16
DA:8,2
DA:12,2
DA:20,1
DA:25,1
DA:33,1
DA:37,1
DA:45,1
DA:50,1
end_of_record
SF:/Users/gertrudenyenyeshi/Desktop/code/checkpoints/check-4/app/scripts/dispatcher/AppDispatcher.js
DA:1,36
DA:2,36
DA:3,36
DA:4,36
end_of_record
SF:/Users/gertrudenyenyeshi/Desktop/code/checkpoints/check-4/app/scripts/actions/DocumentActions.js
DA:1,4
DA:2,4
DA:3,4
DA:4,4
DA:6,4
DA:8,1
DA:11,0
DA:14,0
DA:17,0
DA:20,0
DA:23,0
end_of_record
SF:/Users/gertrudenyenyeshi/Desktop/code/checkpoints/check-4/app/scripts/constants/DocConstants.js
DA:1,33
DA:2,33
DA:3,33
end_of_record
SF:/Users/gertrudenyenyeshi/Desktop/code/checkpoints/check-4/app/scripts/actions/UserActions.js
DA:1,8
DA:2,8
DA:3,8
DA:4,8
DA:6,8
DA:8,0
DA:11,0
DA:14,0
DA:17,0
end_of_record
SF:/Users/gertrudenyenyeshi/Desktop/code/checkpoints/check-4/app/scripts/dialog-polyfill.js
DA:1,1
DA:3,1
DA:4,0
DA:5,0
DA:6,0
DA:7,0
DA:8,0
DA:9,0
DA:11,0
DA:20,0
DA:21,0
DA:22,0
DA:23,0
DA:25,0
DA:27,0
DA:37,0
DA:38,0
DA:39,0
DA:48,0
DA:49,0
DA:50,0
DA:51,0
DA:54,0
DA:61,0
DA:62,0
DA:63,0
DA:64,0
DA:67,0
DA:68,0
DA:71,0
DA:72,0
DA:73,0
DA:75,0
DA:76,0
DA:79,0
DA:80,0
DA:82,0
DA:83,0
DA:85,0
DA:90,0
DA:95,0
DA:96,0
DA:97,0
DA:100,0
DA:103,0
DA:112,0
DA:113,0
DA:114,0
DA:116,0
DA:117,0
DA:122,0
DA:123,0
DA:124,0
DA:128,0
DA:129,0
DA:130,0
DA:132,0
DA:139,0
DA:140,0
DA:142,0
DA:143,0
DA:154,0
DA:155,0
DA:158,0
DA:159,0
DA:169,0
DA:170,0
DA:177,0
DA:184,0
DA:185,0
DA:187,0
DA:188,0
DA:190,0
DA:191,0
DA:193,0
DA:194,0
DA:197,0
DA:198,0
DA:199,0
DA:201,0
DA:205,0
DA:206,0
DA:210,0
DA:211,0
DA:213,0
DA:214,0
DA:215,0
DA:217,0
DA:219,0
DA:220,0
DA:230,0
DA:231,0
DA:233,0
DA:236,0
DA:237,0
DA:241,0
DA:245,0
DA:250,0
DA:252,0
DA:253,0
DA:254,0
DA:255,0
DA:258,0
DA:259,0
DA:260,0
DA:261,0
DA:263,0
DA:264,0
DA:266,0
DA:267,0
DA:268,0
DA:269,0
DA:270,0
DA:272,0
DA:273,0
DA:275,0
DA:276,0
DA:277,0
DA:278,0
DA:279,0
DA:280,0
DA:283,0
DA:286,0
DA:287,0
DA:288,0
DA:289,0
DA:296,0
DA:298,0
DA:299,0
DA:305,0
DA:306,0
DA:307,0
DA:310,0
DA:311,0
DA:313,0
DA:319,0
DA:320,0
DA:321,0
DA:323,0
DA:330,0
DA:332,0
DA:339,0
DA:340,0
DA:341,0
DA:342,0
DA:345,0
DA:346,0
DA:347,0
DA:349,0
DA:350,0
DA:356,0
DA:357,0
DA:358,0
DA:359,0
DA:361,0
DA:368,0
DA:369,0
DA:370,0
DA:371,0
DA:372,0
DA:379,0
DA:380,0
DA:381,0
DA:382,0
DA:383,0
DA:386,0
DA:387,0
DA:389,0
DA:390,0
DA:391,0
DA:393,0
DA:397,0
DA:398,0
DA:399,0
DA:400,0
DA:401,0
DA:402,0
DA:405,0
DA:409,0
DA:410,0
DA:411,0
DA:412,0
DA:413,0
DA:417,0
DA:418,0
DA:419,0
DA:424,0
DA:425,0
DA:427,0
DA:428,0
DA:431,0
DA:432,0
DA:435,0
DA:436,0
DA:445,0
DA:446,0
DA:447,0
DA:448,0
DA:450,0
DA:451,0
DA:452,0
DA:454,0
DA:455,0
DA:461,0
DA:462,0
DA:463,0
DA:465,0
DA:466,0
DA:467,0
DA:468,0
DA:472,0
DA:478,0
DA:479,0
DA:480,0
DA:481,0
DA:482,0
DA:484,0
DA:485,0
DA:489,0
DA:490,0
DA:491,0
DA:492,0
DA:493,0
DA:494,0
DA:495,0
DA:498,0
DA:501,0
DA:502,0
DA:504,0
DA:506,0
DA:507,0
DA:509,0
DA:512,0
end_of_record
SF:/Users/gertrudenyenyeshi/Desktop/code/checkpoints/check-4/app/scripts/stores/BaseStore.js
DA:1,17
DA:2,17
DA:3,17
DA:4,17
DA:6,17
DA:8,0
DA:9,0
DA:11,0
DA:16,0
DA:20,0
DA:21,0
DA:23,0
DA:28,17
end_of_record
SF:/Users/gertrudenyenyeshi/Desktop/code/checkpoints/check-4/app/scripts/stores/DocumentStore.js
DA:1,7
DA:2,7
DA:3,7
DA:4,7
DA:5,7
DA:6,7
DA:8,7
DA:17,0
DA:18,0
DA:22,0
DA:26,0
DA:27,0
DA:31,0
DA:32,0
DA:34,0
DA:35,0
DA:40,0
DA:44,0
DA:48,0
DA:49,0
DA:51,0
DA:55,0
DA:58,0
DA:59,0
DA:62,0
DA:66,0
DA:70,0
DA:74,7
DA:75,0
DA:77,0
DA:78,0
DA:80,0
DA:81,0
DA:83,0
DA:84,0
DA:86,0
DA:87,0
DA:89,0
DA:90,0
DA:92,0
DA:93,0
DA:96,0
DA:98,7
end_of_record
SF:/Users/gertrudenyenyeshi/Desktop/code/checkpoints/check-4/app/scripts/stores/RoleStore.js
DA:1,1
DA:2,1
DA:3,1
DA:4,1
DA:5,1
DA:6,1
DA:9,1
DA:13,0
DA:14,0
DA:18,0
DA:21,1
DA:22,0
DA:24,0
DA:25,0
DA:28,0
DA:30,1
end_of_record
SF:/Users/gertrudenyenyeshi/Desktop/code/checkpoints/check-4/app/scripts/stores/UserStore.js
DA:1,8
DA:2,8
DA:3,8
DA:4,8
DA:5,8
DA:6,8
DA:8,8
DA:15,0
DA:16,0
DA:20,0
DA:24,0
DA:25,0
DA:29,0
DA:33,0
DA:34,0
DA:38,0
DA:42,0
DA:43,0
DA:47,0
DA:50,8
DA:51,0
DA:53,0
DA:54,0
DA:56,0
DA:57,0
DA:59,0
DA:60,0
DA:62,0
DA:63,0
DA:66,0
DA:68,8
end_of_record
SF:/Users/gertrudenyenyeshi/Desktop/code/checkpoints/check-4/app/scripts/components/Dashboard/Dashboard.jsx
DA:1,1
DA:2,1
DA:3,1
DA:4,1
DA:5,1
DA:6,1
DA:7,1
DA:8,1
DA:9,1
DA:10,1
DA:11,1
DA:12,1
DA:13,1
DA:14,1
DA:15,0
DA:18,0
DA:22,0
DA:44,0
DA:45,0
DA:49,0
DA:50,0
DA:51,0
DA:52,0
DA:53,0
DA:58,0
DA:59,0
DA:60,0
DA:61,0
DA:63,0
DA:64,0
DA:66,0
DA:67,0
DA:72,0
DA:73,0
DA:74,0
DA:75,0
DA:77,0
DA:78,0
DA:80,0
DA:81,0
DA:86,0
DA:87,0
DA:91,0
DA:92,0
DA:93,0
DA:99,0
DA:100,0
DA:106,0
DA:107,0
DA:108,0
DA:109,0
DA:110,0
DA:111,0
DA:114,0
DA:115,0
DA:116,0
DA:117,0
DA:123,0
DA:124,0
DA:130,0
DA:131,0
DA:132,0
DA:133,0
DA:137,0
DA:138,0
DA:139,0
DA:143,0
DA:160,0
end_of_record
SF:/Users/gertrudenyenyeshi/Desktop/code/checkpoints/check-4/app/scripts/components/Documents/Documents.jsx
DA:1,1
DA:2,1
DA:3,1
DA:4,1
DA:5,0
DA:6,0
DA:7,0
DA:8,0
DA:9,0
DA:11,0
DA:13,0
DA:14,0
DA:33,0
end_of_record
SF:/Users/gertrudenyenyeshi/Desktop/code/checkpoints/check-4/app/scripts/components/Documents/PublicDocs.jsx
DA:1,1
DA:2,1
DA:3,1
DA:4,1
DA:5,0
DA:6,0
DA:7,0
DA:8,0
DA:9,0
DA:11,0
DA:13,0
DA:14,0
DA:15,0
DA:16,0
DA:21,0
DA:38,0
end_of_record
SF:/Users/gertrudenyenyeshi/Desktop/code/checkpoints/check-4/app/scripts/components/UserList/Users.jsx
DA:1,2
DA:2,2
DA:3,2
DA:4,2
DA:6,2
DA:8,0
DA:9,0
DA:18,0
end_of_record
SF:/Users/gertrudenyenyeshi/Desktop/code/checkpoints/check-4/app/scripts/components/Documents/Document.jsx
DA:1,1
DA:2,1
DA:3,1
DA:4,1
DA:5,1
DA:6,1
DA:7,1
DA:8,1
DA:9,1
DA:10,1
DA:11,1
DA:12,1
DA:13,1
DA:14,0
DA:15,0
DA:18,0
DA:21,0
DA:22,0
DA:32,0
DA:33,0
DA:34,0
DA:38,0
DA:43,0
DA:44,0
DA:45,0
DA:48,0
DA:52,0
DA:53,0
DA:54,0
DA:55,0
DA:57,0
DA:58,0
DA:60,0
DA:61,0
DA:66,0
DA:67,0
DA:68,0
DA:69,0
DA:70,0
DA:71,0
DA:75,0
DA:76,0
DA:77,0
DA:78,0
DA:82,0
DA:83,0
DA:84,0
DA:85,0
DA:90,0
DA:91,0
DA:92,0
DA:93,0
DA:94,0
DA:97,0
DA:101,0
DA:146,0
DA:153,0
end_of_record
SF:/Users/gertrudenyenyeshi/Desktop/code/checkpoints/check-4/app/scripts/components/LandingPage/Header.jsx
DA:1,1
DA:2,1
DA:4,1
DA:5,1
DA:6,1
DA:7,1
DA:8,1
DA:11,4
DA:17,0
DA:21,0
DA:22,0
DA:23,0
DA:33,0
DA:34,0
DA:39,4
end_of_record
SF:/Users/gertrudenyenyeshi/Desktop/code/checkpoints/check-4/app/scripts/components/SignUpForm/SignUpForm.jsx
DA:1,2
DA:2,2
DA:3,2
DA:4,2
DA:5,2
DA:7,2
DA:10,0
end_of_record
SF:/Users/gertrudenyenyeshi/Desktop/code/checkpoints/check-4/app/scripts/components/LoginForm/LoginForm.jsx
DA:1,2
DA:2,2
DA:3,2
DA:4,2
DA:6,2
DA:9,0
end_of_record
SF:/Users/gertrudenyenyeshi/Desktop/code/checkpoints/check-4/app/scripts/components/LandingPage/LandingPage.jsx
DA:1,1
DA:2,1
DA:3,1
DA:4,1
DA:5,1
DA:6,1
DA:7,1
DA:8,1
DA:9,1
DA:10,1
DA:12,1
DA:16,5
DA:46,0
DA:47,0
DA:52,0
DA:53,0
DA:54,0
DA:55,0
DA:57,0
DA:62,0
DA:63,0
DA:64,0
DA:65,0
DA:66,0
DA:68,0
DA:69,0
DA:71,0
DA:72,0
DA:77,0
DA:78,0
DA:79,0
DA:80,0
DA:81,0
DA:82,0
DA:83,0
DA:90,0
DA:91,0
DA:92,0
DA:95,0
DA:96,0
DA:99,0
DA:104,0
DA:105,0
DA:106,0
DA:107,0
DA:109,0
DA:114,0
DA:115,0
DA:116,0
DA:119,0
DA:122,0
DA:127,0
DA:128,0
DA:129,0
DA:130,0
DA:131,0
DA:132,0
DA:136,5
DA:180,1
end_of_record
