TN:
SF:/Users/gertrudenyenyeshi/Desktop/code/checkpoints/check-4/app/scripts/actions/BaseActions.js
FN:3,(anonymous_1)
FN:10,get
FN:11,(anonymous_3)
FN:19,put
FN:20,(anonymous_5)
FN:28,_delete
FN:29,(anonymous_7)
FN:37,post
FN:38,(anonymous_9)
FNF:9
FNH:9
FNDA:1,(anonymous_1)
FNDA:85,get
FNDA:85,(anonymous_3)
FNDA:1,put
FNDA:1,(anonymous_5)
FNDA:1,_delete
FNDA:1,(anonymous_7)
FNDA:1,post
FNDA:1,(anonymous_9)
DA:3,1
DA:6,1
DA:7,1
DA:9,1
DA:11,85
DA:12,85
DA:20,1
DA:21,1
DA:29,1
DA:30,1
DA:38,1
DA:39,1
LF:12
LH:12
BRF:0
BRH:0
end_of_record
TN:
SF:/Users/gertrudenyenyeshi/Desktop/code/checkpoints/check-4/app/scripts/dispatcher/AppDispatcher.js
FN:3,(anonymous_1)
FNF:1
FNH:1
FNDA:1,(anonymous_1)
DA:3,1
DA:6,1
DA:7,1
LF:3
LH:3
BRF:0
BRH:0
end_of_record
TN:
SF:/Users/gertrudenyenyeshi/Desktop/code/checkpoints/check-4/app/scripts/actions/DocumentActions.js
FN:3,(anonymous_1)
FN:10,userDocuments
FN:13,ownerDocuments
FN:16,createDocument
FN:19,deleteDocument
FN:22,setDoc
FN:25,updateDoc
FNF:7
FNH:6
FNDA:1,(anonymous_1)
FNDA:26,userDocuments
FNDA:26,ownerDocuments
FNDA:0,createDocument
FNDA:1,deleteDocument
FNDA:10,setDoc
FNDA:1,updateDoc
DA:3,1
DA:6,1
DA:7,1
DA:9,1
DA:11,26
DA:14,26
DA:17,0
DA:20,1
DA:23,10
DA:26,1
LF:10
LH:9
BRF:0
BRH:0
end_of_record
TN:
SF:/Users/gertrudenyenyeshi/Desktop/code/checkpoints/check-4/app/scripts/constants/DocConstants.js
FN:3,(anonymous_1)
FNF:1
FNH:1
FNDA:1,(anonymous_1)
DA:3,1
DA:6,1
LF:2
LH:2
BRF:0
BRH:0
end_of_record
TN:
SF:/Users/gertrudenyenyeshi/Desktop/code/checkpoints/check-4/app/scripts/actions/UserActions.js
FN:3,(anonymous_1)
FN:10,login
FN:13,signup
FN:16,decode
FN:19,userData
FNF:5
FNH:5
FNDA:1,(anonymous_1)
FNDA:1,login
FNDA:1,signup
FNDA:15,decode
FNDA:11,userData
DA:3,1
DA:6,1
DA:7,1
DA:9,1
DA:11,1
DA:14,1
DA:17,15
DA:20,11
LF:8
LH:8
BRF:0
BRH:0
end_of_record
TN:
SF:/Users/gertrudenyenyeshi/Desktop/code/checkpoints/check-4/app/scripts/popup.js
FN:3,(anonymous_1)
FN:3,(anonymous_2)
FN:5,(anonymous_3)
FN:14,(anonymous_4)
FN:46,(anonymous_5)
FN:74,PopupS
FN:79,_open
FN:93,(anonymous_8)
FN:118,_init
FN:149,_getOverlay
FN:169,_getLayer
FN:189,_resetLayer
FN:196,_create
FN:209,transitionDone
FN:217,_createPopup
FN:297,_appendPopup
FN:311,classReg
FN:322,_hide
FN:330,removeWrap
FN:343,transitionDone
FN:351,transitionDoneLayer
FN:382,_loading
FN:409,_loadContents
FN:426,(anonymous_24)
FN:433,(anonymous_25)
FN:439,(anonymous_26)
FN:444,(anonymous_27)
FN:450,_preLoadImage
FN:470,complete
FN:492,_ajax
FN:504,(anonymous_31)
FN:526,_okEvent
FN:541,_cancelEvent
FN:550,_commonEvent
FN:561,_resetEvent
FN:565,_keyEvent
FN:578,_bind
FN:580,(anonymous_38)
FN:590,_each
FN:606,_extend
FN:626,_on
FN:640,_off
FN:654,_css
FN:697,_buildDOM
FN:727,(anonymous_45)
FN:749,(anonymous_46)
FN:766,_appendChild
FN:777,_autoFocus
FN:810,_getElementsByTagName
FN:818,_removeElement
FN:828,(anonymous_51)
FN:831,(anonymous_52)
FN:835,(anonymous_53)
FN:839,(anonymous_54)
FN:843,(anonymous_55)
FN:847,(anonymous_56)
FNF:56
FNH:5
FNDA:0,(anonymous_1)
FNDA:1,(anonymous_2)
FNDA:1,(anonymous_3)
FNDA:1,(anonymous_4)
FNDA:1,(anonymous_5)
FNDA:1,PopupS
FNDA:0,_open
FNDA:0,(anonymous_8)
FNDA:0,_init
FNDA:0,_getOverlay
FNDA:0,_getLayer
FNDA:0,_resetLayer
FNDA:0,_create
FNDA:0,transitionDone
FNDA:0,_createPopup
FNDA:0,_appendPopup
FNDA:0,classReg
FNDA:0,_hide
FNDA:0,removeWrap
FNDA:0,transitionDone
FNDA:0,transitionDoneLayer
FNDA:0,_loading
FNDA:0,_loadContents
FNDA:0,(anonymous_24)
FNDA:0,(anonymous_25)
FNDA:0,(anonymous_26)
FNDA:0,(anonymous_27)
FNDA:0,_preLoadImage
FNDA:0,complete
FNDA:0,_ajax
FNDA:0,(anonymous_31)
FNDA:0,_okEvent
FNDA:0,_cancelEvent
FNDA:0,_commonEvent
FNDA:0,_resetEvent
FNDA:0,_keyEvent
FNDA:0,_bind
FNDA:0,(anonymous_38)
FNDA:0,_each
FNDA:0,_extend
FNDA:0,_on
FNDA:0,_off
FNDA:0,_css
FNDA:0,_buildDOM
FNDA:0,(anonymous_45)
FNDA:0,(anonymous_46)
FNDA:0,_appendChild
FNDA:0,_autoFocus
FNDA:0,_getElementsByTagName
FNDA:0,_removeElement
FNDA:0,(anonymous_51)
FNDA:0,(anonymous_52)
FNDA:0,(anonymous_53)
FNDA:0,(anonymous_54)
FNDA:0,(anonymous_55)
FNDA:0,(anonymous_56)
DA:3,1
DA:5,1
DA:7,1
DA:8,0
DA:9,1
DA:10,1
DA:12,0
DA:17,1
DA:21,1
DA:23,1
DA:46,1
DA:47,1
DA:48,1
DA:49,1
DA:50,1
DA:57,1
DA:58,1
DA:59,1
DA:60,1
DA:61,1
DA:65,1
DA:74,1
DA:76,1
DA:81,0
DA:82,0
DA:83,0
DA:85,0
DA:88,0
DA:89,0
DA:93,0
DA:94,0
DA:95,0
DA:99,0
DA:100,0
DA:101,0
DA:106,0
DA:109,0
DA:110,0
DA:111,0
DA:114,0
DA:116,0
DA:120,0
DA:121,0
DA:122,0
DA:145,0
DA:146,0
DA:150,0
DA:151,0
DA:166,0
DA:167,0
DA:170,0
DA:171,0
DA:187,0
DA:190,0
DA:197,0
DA:198,0
DA:199,0
DA:200,0
DA:202,0
DA:203,0
DA:205,0
DA:209,0
DA:210,0
DA:211,0
DA:213,0
DA:214,0
DA:218,0
DA:219,0
DA:220,0
DA:221,0
DA:222,0
DA:223,0
DA:225,0
DA:231,0
DA:234,0
DA:238,0
DA:248,0
DA:262,0
DA:263,0
DA:264,0
DA:265,0
DA:267,0
DA:268,0
DA:274,0
DA:275,0
DA:278,0
DA:281,0
DA:282,0
DA:283,0
DA:284,0
DA:285,0
DA:288,0
DA:289,0
DA:292,0
DA:295,0
DA:299,0
DA:300,0
DA:302,0
DA:303,0
DA:310,0
DA:311,0
DA:312,0
DA:315,0
DA:316,0
DA:318,0
DA:319,0
DA:323,0
DA:325,0
DA:327,0
DA:328,0
DA:330,0
DA:332,0
DA:334,0
DA:335,0
DA:336,0
DA:338,0
DA:343,0
DA:344,0
DA:346,0
DA:348,0
DA:351,0
DA:352,0
DA:354,0
DA:361,0
DA:362,0
DA:363,0
DA:365,0
DA:367,0
DA:368,0
DA:383,0
DA:386,0
DA:387,0
DA:388,0
DA:393,0
DA:394,0
DA:396,0
DA:410,0
DA:416,0
DA:419,0
DA:425,0
DA:426,0
DA:427,0
DA:428,0
DA:429,0
DA:433,0
DA:435,0
DA:439,0
DA:440,0
DA:441,0
DA:442,0
DA:446,0
DA:451,0
DA:452,0
DA:453,0
DA:454,0
DA:455,0
DA:457,0
DA:458,0
DA:460,0
DA:461,0
DA:463,0
DA:464,0
DA:468,0
DA:470,0
DA:471,0
DA:472,0
DA:473,0
DA:474,0
DA:475,0
DA:476,0
DA:478,0
DA:493,0
DA:494,0
DA:495,0
DA:496,0
DA:497,0
DA:498,0
DA:499,0
DA:501,0
DA:502,0
DA:504,0
DA:505,0
DA:506,0
DA:509,0
DA:510,0
DA:511,0
DA:513,0
DA:514,0
DA:515,0
DA:517,0
DA:518,0
DA:528,0
DA:530,0
DA:531,0
DA:532,0
DA:534,0
DA:538,0
DA:542,0
DA:544,0
DA:545,0
DA:547,0
DA:552,0
DA:553,0
DA:554,0
DA:555,0
DA:556,0
DA:558,0
DA:562,0
DA:566,0
DA:567,0
DA:568,0
DA:578,1
DA:579,0
DA:580,0
DA:581,0
DA:590,1
DA:591,0
DA:592,0
DA:593,0
DA:594,0
DA:606,1
DA:607,0
DA:609,0
DA:610,0
DA:612,0
DA:613,0
DA:617,0
DA:626,1
DA:627,0
DA:628,0
DA:629,0
DA:630,0
DA:640,1
DA:641,0
DA:642,0
DA:643,0
DA:644,0
DA:654,1
DA:655,0
DA:656,0
DA:657,0
DA:658,0
DA:661,0
DA:671,1
DA:697,1
DA:699,0
DA:700,0
DA:702,0
DA:703,0
DA:707,0
DA:708,0
DA:709,0
DA:710,0
DA:712,0
DA:714,0
DA:715,0
DA:717,0
DA:718,0
DA:719,0
DA:721,0
DA:722,0
DA:723,0
DA:727,0
DA:728,0
DA:729,0
DA:730,0
DA:731,0
DA:732,0
DA:733,0
DA:734,0
DA:735,0
DA:736,0
DA:738,0
DA:740,0
DA:741,0
DA:745,0
DA:746,0
DA:747,0
DA:748,0
DA:749,0
DA:750,0
DA:751,0
DA:754,0
DA:755,0
DA:758,0
DA:766,1
DA:767,0
DA:768,0
DA:777,1
DA:778,0
DA:779,0
DA:780,0
DA:781,0
DA:783,0
DA:784,0
DA:786,0
DA:787,0
DA:788,0
DA:789,0
DA:790,0
DA:794,0
DA:795,0
DA:798,0
DA:799,0
DA:810,1
DA:811,0
DA:818,1
DA:819,0
DA:820,0
DA:825,1
DA:828,1
DA:829,0
DA:831,1
DA:832,0
DA:833,0
DA:835,1
DA:836,0
DA:837,0
DA:839,1
DA:840,0
DA:841,0
DA:843,1
DA:844,0
DA:845,0
DA:847,1
DA:848,0
DA:849,0
DA:853,1
LF:328
LH:41
BRDA:3,1,0,0
BRDA:3,1,1,1
BRDA:3,2,0,1
BRDA:3,2,1,0
BRDA:3,3,0,0
BRDA:3,3,1,1
BRDA:3,4,0,1
BRDA:3,4,1,1
BRDA:3,4,2,0
BRDA:7,5,0,0
BRDA:7,5,1,1
BRDA:7,6,0,1
BRDA:7,6,1,0
BRDA:9,7,0,1
BRDA:9,7,1,0
BRDA:9,8,0,0
BRDA:9,8,1,1
BRDA:32,9,0,1
BRDA:32,9,1,0
BRDA:58,10,0,1
BRDA:58,10,1,0
BRDA:58,11,0,1
BRDA:58,11,1,1
BRDA:81,12,0,0
BRDA:81,12,1,0
BRDA:82,13,0,0
BRDA:82,13,1,0
BRDA:82,14,0,0
BRDA:82,14,1,0
BRDA:83,15,0,0
BRDA:83,15,1,0
BRDA:83,16,0,0
BRDA:83,16,1,0
BRDA:89,17,0,0
BRDA:89,17,1,0
BRDA:100,18,0,0
BRDA:100,18,1,0
BRDA:109,19,0,0
BRDA:109,19,1,0
BRDA:116,20,0,0
BRDA:116,20,1,0
BRDA:116,21,0,0
BRDA:116,21,1,0
BRDA:120,22,0,0
BRDA:120,22,1,0
BRDA:120,23,0,0
BRDA:120,23,1,0
BRDA:121,24,0,0
BRDA:121,24,1,0
BRDA:123,25,0,0
BRDA:123,25,1,0
BRDA:150,26,0,0
BRDA:150,26,1,0
BRDA:152,27,0,0
BRDA:152,27,1,0
BRDA:170,28,0,0
BRDA:170,28,1,0
BRDA:183,29,0,0
BRDA:183,29,1,0
BRDA:202,30,0,0
BRDA:202,30,1,0
BRDA:213,31,0,0
BRDA:213,31,1,0
BRDA:222,32,0,0
BRDA:222,32,1,0
BRDA:223,33,0,0
BRDA:223,33,1,0
BRDA:232,34,0,0
BRDA:232,34,1,0
BRDA:235,35,0,0
BRDA:235,35,1,0
BRDA:238,36,0,0
BRDA:238,36,1,0
BRDA:238,36,2,0
BRDA:238,36,3,0
BRDA:239,37,0,0
BRDA:239,37,1,0
BRDA:240,38,0,0
BRDA:240,38,1,0
BRDA:244,39,0,0
BRDA:244,39,1,0
BRDA:244,39,2,0
BRDA:244,40,0,0
BRDA:244,40,1,0
BRDA:245,41,0,0
BRDA:245,41,1,0
BRDA:245,42,0,0
BRDA:245,42,1,0
BRDA:245,43,0,0
BRDA:245,43,1,0
BRDA:251,44,0,0
BRDA:251,44,1,0
BRDA:252,45,0,0
BRDA:252,45,1,0
BRDA:254,46,0,0
BRDA:254,46,1,0
BRDA:257,47,0,0
BRDA:257,47,1,0
BRDA:257,47,2,0
BRDA:281,48,0,0
BRDA:281,48,1,0
BRDA:282,49,0,0
BRDA:282,49,1,0
BRDA:283,50,0,0
BRDA:283,50,1,0
BRDA:284,51,0,0
BRDA:284,51,1,0
BRDA:285,52,0,0
BRDA:285,52,1,0
BRDA:288,53,0,0
BRDA:288,53,1,0
BRDA:289,54,0,0
BRDA:289,54,1,0
BRDA:292,55,0,0
BRDA:292,55,1,0
BRDA:295,56,0,0
BRDA:295,56,1,0
BRDA:302,57,0,0
BRDA:302,57,1,0
BRDA:302,58,0,0
BRDA:302,58,1,0
BRDA:302,59,0,0
BRDA:302,59,1,0
BRDA:310,60,0,0
BRDA:310,60,1,0
BRDA:315,61,0,0
BRDA:315,61,1,0
BRDA:318,62,0,0
BRDA:318,62,1,0
BRDA:327,63,0,0
BRDA:327,63,1,0
BRDA:334,64,0,0
BRDA:334,64,1,0
BRDA:334,65,0,0
BRDA:334,65,1,0
BRDA:334,66,0,0
BRDA:334,66,1,0
BRDA:335,67,0,0
BRDA:335,67,1,0
BRDA:362,68,0,0
BRDA:362,68,1,0
BRDA:368,69,0,0
BRDA:368,69,1,0
BRDA:386,70,0,0
BRDA:386,70,1,0
BRDA:411,71,0,0
BRDA:411,71,1,0
BRDA:412,72,0,0
BRDA:412,72,1,0
BRDA:416,73,0,0
BRDA:416,73,1,0
BRDA:460,74,0,0
BRDA:460,74,1,0
BRDA:468,75,0,0
BRDA:468,75,1,0
BRDA:471,76,0,0
BRDA:471,76,1,0
BRDA:494,77,0,0
BRDA:494,77,1,0
BRDA:496,78,0,0
BRDA:496,78,1,0
BRDA:498,79,0,0
BRDA:498,79,1,0
BRDA:505,80,0,0
BRDA:505,80,1,0
BRDA:505,81,0,0
BRDA:505,81,1,0
BRDA:506,82,0,0
BRDA:506,82,1,0
BRDA:509,83,0,0
BRDA:509,83,1,0
BRDA:517,84,0,0
BRDA:517,84,1,0
BRDA:528,85,0,0
BRDA:528,85,1,0
BRDA:530,86,0,0
BRDA:530,86,1,0
BRDA:531,87,0,0
BRDA:531,87,1,0
BRDA:542,88,0,0
BRDA:542,88,1,0
BRDA:544,89,0,0
BRDA:544,89,1,0
BRDA:552,90,0,0
BRDA:552,90,1,0
BRDA:553,91,0,0
BRDA:553,91,1,0
BRDA:554,92,0,0
BRDA:554,92,1,0
BRDA:555,93,0,0
BRDA:555,93,1,0
BRDA:556,94,0,0
BRDA:556,94,1,0
BRDA:567,95,0,0
BRDA:567,95,1,0
BRDA:567,96,0,0
BRDA:567,96,1,0
BRDA:568,97,0,0
BRDA:568,97,1,0
BRDA:580,98,0,0
BRDA:580,98,1,0
BRDA:591,99,0,0
BRDA:591,99,1,0
BRDA:593,100,0,0
BRDA:593,100,1,0
BRDA:607,101,0,0
BRDA:607,101,1,0
BRDA:610,102,0,0
BRDA:610,102,1,0
BRDA:613,103,0,0
BRDA:613,103,1,0
BRDA:627,104,0,0
BRDA:627,104,1,0
BRDA:629,105,0,0
BRDA:629,105,1,0
BRDA:641,106,0,0
BRDA:641,106,1,0
BRDA:643,107,0,0
BRDA:643,107,1,0
BRDA:655,108,0,0
BRDA:655,108,1,0
BRDA:655,109,0,0
BRDA:655,109,1,0
BRDA:655,109,2,0
BRDA:656,110,0,0
BRDA:656,110,1,0
BRDA:699,111,0,0
BRDA:699,111,1,0
BRDA:702,112,0,0
BRDA:702,112,1,0
BRDA:710,113,0,0
BRDA:710,113,1,0
BRDA:714,114,0,0
BRDA:714,114,1,0
BRDA:715,115,0,0
BRDA:715,115,1,0
BRDA:715,116,0,0
BRDA:715,116,1,0
BRDA:717,117,0,0
BRDA:717,117,1,0
BRDA:718,118,0,0
BRDA:718,118,1,0
BRDA:728,119,0,0
BRDA:728,119,1,0
BRDA:730,120,0,0
BRDA:730,120,1,0
BRDA:731,121,0,0
BRDA:731,121,1,0
BRDA:732,122,0,0
BRDA:732,122,1,0
BRDA:733,123,0,0
BRDA:733,123,1,0
BRDA:734,124,0,0
BRDA:734,124,1,0
BRDA:740,125,0,0
BRDA:740,125,1,0
BRDA:745,126,0,0
BRDA:745,126,1,0
BRDA:745,127,0,0
BRDA:745,127,1,0
BRDA:747,128,0,0
BRDA:747,128,1,0
BRDA:748,129,0,0
BRDA:748,129,1,0
BRDA:750,130,0,0
BRDA:750,130,1,0
BRDA:754,131,0,0
BRDA:754,131,1,0
BRDA:768,132,0,0
BRDA:768,132,1,0
BRDA:768,132,2,0
BRDA:786,133,0,0
BRDA:786,133,1,0
BRDA:787,134,0,0
BRDA:787,134,1,0
BRDA:788,135,0,0
BRDA:788,135,1,0
BRDA:788,136,0,0
BRDA:788,136,1,0
BRDA:794,137,0,0
BRDA:794,137,1,0
BRDA:819,138,0,0
BRDA:819,138,1,0
BRDA:819,139,0,0
BRDA:819,139,1,0
BRF:285
BRH:13
end_of_record
TN:
SF:/Users/gertrudenyenyeshi/Desktop/code/checkpoints/check-4/app/scripts/stores/BaseStore.js
FN:3,(anonymous_1)
FN:10,addChangeListener
FN:18,removeChangeListener
FN:22,emitChange
FNF:4
FNH:3
FNDA:1,(anonymous_1)
FNDA:51,addChangeListener
FNDA:0,removeChangeListener
FNDA:47,emitChange
DA:3,1
DA:6,1
DA:7,1
DA:9,1
DA:11,51
DA:12,51
DA:14,0
DA:19,0
DA:23,47
DA:24,47
DA:26,0
DA:31,1
LF:12
LH:9
BRDA:11,1,0,51
BRDA:11,1,1,0
BRDA:23,2,0,47
BRDA:23,2,1,0
BRF:4
BRH:2
end_of_record
TN:
SF:/Users/gertrudenyenyeshi/Desktop/code/checkpoints/check-4/app/scripts/stores/DocumentStore.js
FN:3,(anonymous_1)
FN:19,setUserDocs
FN:24,getUserDocs
FN:28,setOwnerDocs
FN:42,getOwnerDocs
FN:46,deleteDoc
FN:50,getDeleted
FN:57,createDocs
FN:60,setSelectedDoc
FN:64,getSelectedDoc
FN:68,setUpdatedDoc
FN:72,getUpdatedDoc
FN:77,(anonymous_13)
FNF:13
FNH:10
FNDA:1,(anonymous_1)
FNDA:28,setUserDocs
FNDA:38,getUserDocs
FNDA:28,setOwnerDocs
FNDA:11,getOwnerDocs
FNDA:1,deleteDoc
FNDA:1,getDeleted
FNDA:0,createDocs
FNDA:0,setSelectedDoc
FNDA:0,getSelectedDoc
FNDA:1,setUpdatedDoc
FNDA:1,getUpdatedDoc
FNDA:77,(anonymous_13)
DA:3,1
DA:6,1
DA:7,1
DA:8,1
DA:9,1
DA:11,1
DA:20,28
DA:21,28
DA:25,38
DA:29,28
DA:30,0
DA:34,0
DA:35,0
DA:37,3
DA:38,3
DA:43,11
DA:47,1
DA:51,1
DA:52,1
DA:54,0
DA:58,0
DA:61,0
DA:62,0
DA:65,0
DA:69,1
DA:73,1
DA:77,1
DA:78,77
DA:80,26
DA:81,1
DA:83,26
DA:84,1
DA:86,0
DA:87,0
DA:89,1
DA:90,1
DA:92,0
DA:93,0
DA:95,1
DA:96,1
DA:99,27
DA:101,1
LF:42
LH:30
BRDA:29,1,0,0
BRDA:29,1,1,3
BRDA:51,2,0,1
BRDA:51,2,1,0
BRDA:78,3,0,26
BRDA:78,3,1,26
BRDA:78,3,2,0
BRDA:78,3,3,1
BRDA:78,3,4,0
BRDA:78,3,5,1
BRDA:78,3,6,23
BRF:11
BRH:7
end_of_record
TN:
SF:/Users/gertrudenyenyeshi/Desktop/code/checkpoints/check-4/app/scripts/stores/UserStore.js
FN:3,(anonymous_1)
FN:17,setLoginData
FN:22,getLoginData
FN:26,setSignUpData
FN:31,getSignUpData
FN:35,setDecodedData
FN:40,getDecodedData
FN:44,setUserData
FN:49,getUserData
FN:53,(anonymous_10)
FNF:10
FNH:8
FNDA:1,(anonymous_1)
FNDA:3,setLoginData
FNDA:10,getLoginData
FNDA:3,setSignUpData
FNDA:6,getSignUpData
FNDA:15,setDecodedData
FNDA:50,getDecodedData
FNDA:0,setUserData
FNDA:0,getUserData
FNDA:27,(anonymous_10)
DA:3,1
DA:6,1
DA:7,1
DA:8,1
DA:9,1
DA:11,1
DA:18,3
DA:19,3
DA:23,10
DA:27,3
DA:28,3
DA:32,6
DA:36,15
DA:37,15
DA:41,50
DA:45,0
DA:46,0
DA:50,0
DA:53,1
DA:54,27
DA:56,1
DA:57,1
DA:59,1
DA:60,1
DA:62,11
DA:63,1
DA:66,17
DA:68,1
LF:28
LH:25
BRDA:54,1,0,1
BRDA:54,1,1,1
BRDA:54,1,2,11
BRDA:54,1,3,14
BRF:4
BRH:4
end_of_record
TN:
SF:/Users/gertrudenyenyeshi/Desktop/code/checkpoints/check-4/app/scripts/components/Authentication/Auth.jsx
FN:3,(anonymous_1)
FN:16,getInitialState
FN:38,componentDidMount
FN:43,handleSignUp
FN:57,handleLogin
FN:69,handleLoginAction
FN:79,handleSignUpAction
FN:89,fetchValues
FN:97,render
FNF:9
FNH:7
FNDA:1,(anonymous_1)
FNDA:8,getInitialState
FNDA:6,componentDidMount
FNDA:5,handleSignUp
FNDA:9,handleLogin
FNDA:0,handleLoginAction
FNDA:0,handleSignUpAction
FNDA:1,fetchValues
FNDA:11,render
DA:3,1
DA:4,1
DA:5,1
DA:6,1
DA:7,1
DA:8,1
DA:9,1
DA:10,1
DA:11,1
DA:12,1
DA:14,1
DA:17,8
DA:39,6
DA:40,6
DA:44,5
DA:45,5
DA:46,3
DA:48,2
DA:49,2
DA:58,9
DA:59,9
DA:60,5
DA:62,4
DA:63,4
DA:65,4
DA:70,0
DA:71,0
DA:72,0
DA:73,0
DA:74,0
DA:76,0
DA:80,0
DA:81,0
DA:82,0
DA:83,0
DA:85,0
DA:90,1
DA:91,1
DA:92,1
DA:93,1
DA:94,1
DA:98,11
DA:156,1
LF:43
LH:32
BRDA:45,1,0,3
BRDA:45,1,1,2
BRDA:59,2,0,5
BRDA:59,2,1,4
BRDA:73,3,0,0
BRDA:73,3,1,0
BRDA:73,4,0,0
BRDA:73,4,1,0
BRDA:82,5,0,0
BRDA:82,5,1,0
BRDA:82,6,0,0
BRDA:82,6,1,0
BRDA:82,6,2,0
BRDA:82,6,3,0
BRDA:82,6,4,0
BRF:15
BRH:4
end_of_record
TN:
SF:/Users/gertrudenyenyeshi/Desktop/code/checkpoints/check-4/app/scripts/components/SignUpForm/SignUpForm.jsx
FN:3,(anonymous_1)
FN:11,render
FNF:2
FNH:2
FNDA:1,(anonymous_1)
FNDA:9,render
DA:3,1
DA:6,1
DA:7,1
DA:9,1
DA:12,9
LF:5
LH:5
BRF:0
BRH:0
end_of_record
TN:
SF:/Users/gertrudenyenyeshi/Desktop/code/checkpoints/check-4/app/scripts/components/LoginForm/LoginForm.jsx
FN:3,(anonymous_1)
FN:11,render
FNF:2
FNH:2
FNDA:1,(anonymous_1)
FNDA:9,render
DA:3,1
DA:6,1
DA:7,1
DA:9,1
DA:12,9
LF:5
LH:5
BRF:0
BRH:0
end_of_record
TN:
SF:/Users/gertrudenyenyeshi/Desktop/code/checkpoints/check-4/app/scripts/components/Dashboard/Dashboard.jsx
FN:3,(anonymous_1)
FN:20,getInitialState
FN:42,componentDidMount
FN:47,componentWillMount
FN:55,getOwnerDocuments
FN:62,getUserDocuments
FN:69,getDecoded
FN:86,fetchInputValues
FN:93,render
FNF:9
FNH:8
FNDA:1,(anonymous_1)
FNDA:11,getInitialState
FNDA:9,componentDidMount
FNDA:11,componentWillMount
FNDA:7,getOwnerDocuments
FNDA:34,getUserDocuments
FNDA:46,getDecoded
FNDA:0,fetchInputValues
FNDA:77,render
DA:3,1
DA:4,1
DA:5,1
DA:6,1
DA:7,1
DA:8,1
DA:9,1
DA:10,1
DA:11,1
DA:12,1
DA:13,1
DA:14,1
DA:15,1
DA:16,1
DA:18,1
DA:21,11
DA:43,9
DA:44,9
DA:48,11
DA:49,11
DA:50,11
DA:51,11
DA:52,11
DA:56,7
DA:57,7
DA:63,34
DA:64,34
DA:70,46
DA:71,46
DA:72,10
DA:74,10
DA:75,36
DA:77,11
DA:79,25
DA:80,25
DA:81,25
DA:82,25
DA:87,0
DA:88,0
DA:89,0
DA:90,0
DA:94,77
DA:120,1
LF:43
LH:39
BRDA:71,1,0,10
BRDA:71,1,1,26
BRDA:75,2,0,11
BRDA:75,2,1,25
BRF:4
BRH:4
end_of_record
TN:
SF:/Users/gertrudenyenyeshi/Desktop/code/checkpoints/check-4/app/scripts/components/Documents/Documents.jsx
FN:3,(anonymous_1)
FN:15,render
FN:16,(anonymous_3)
FNF:3
FNH:3
FNDA:1,(anonymous_1)
FNDA:70,render
FNDA:53,(anonymous_3)
DA:3,1
DA:6,1
DA:7,1
DA:8,1
DA:9,1
DA:10,1
DA:11,1
DA:12,1
DA:14,1
DA:16,70
DA:17,53
DA:49,70
LF:12
LH:12
BRF:0
BRH:0
end_of_record
TN:
SF:/Users/gertrudenyenyeshi/Desktop/code/checkpoints/check-4/app/scripts/components/Documents/PublicDocs.jsx
FN:3,(anonymous_1)
FN:15,render
FN:16,(anonymous_3)
FN:18,docContent
FNF:4
FNH:3
FNDA:1,(anonymous_1)
FNDA:69,render
FNDA:27,(anonymous_3)
FNDA:0,docContent
DA:3,1
DA:6,1
DA:7,1
DA:8,1
DA:9,1
DA:10,1
DA:11,1
DA:12,1
DA:14,1
DA:16,69
DA:17,27
DA:18,27
DA:19,0
DA:27,27
DA:64,44
LF:15
LH:14
BRF:0
BRH:0
end_of_record
TN:
SF:/Users/gertrudenyenyeshi/Desktop/code/checkpoints/check-4/app/scripts/components/Documents/Create.jsx
FN:3,(anonymous_1)
FN:12,componentWillMount
FN:20,getInitialState
FN:30,fetchInputValues
FN:38,saveDocument
FN:46,render
FNF:6
FNH:6
FNDA:1,(anonymous_1)
FNDA:5,componentWillMount
FNDA:5,getInitialState
FNDA:1,fetchInputValues
FNDA:1,saveDocument
FNDA:6,render
DA:3,1
DA:4,1
DA:5,1
DA:6,1
DA:7,1
DA:8,1
DA:9,1
DA:11,1
DA:13,5
DA:14,5
DA:16,0
DA:21,5
DA:31,1
DA:32,1
DA:33,1
DA:34,1
DA:35,1
DA:39,1
DA:40,1
DA:41,1
DA:43,1
DA:47,6
DA:143,1
LF:23
LH:22
BRDA:14,1,0,0
BRDA:14,1,1,5
BRF:2
BRH:1
end_of_record
TN:
SF:/Users/gertrudenyenyeshi/Desktop/code/checkpoints/check-4/app/scripts/components/Documents/Document.jsx
FN:3,(anonymous_1)
FN:21,getInitialState
FN:32,componentWillMount
FN:39,componentDidMount
FN:43,handleSelected
FN:52,back
FN:58,render
FN:61,(anonymous_8)
FN:62,deleteDoc
FN:67,onSubmit
FN:74,onClose
FNF:11
FNH:5
FNDA:1,(anonymous_1)
FNDA:3,getInitialState
FNDA:3,componentWillMount
FNDA:2,componentDidMount
FNDA:0,handleSelected
FNDA:0,back
FNDA:3,render
FNDA:0,(anonymous_8)
FNDA:0,deleteDoc
FNDA:0,onSubmit
FNDA:0,onClose
DA:3,1
DA:6,1
DA:7,1
DA:8,1
DA:9,1
DA:10,1
DA:11,1
DA:12,1
DA:13,1
DA:14,1
DA:15,1
DA:16,1
DA:17,1
DA:19,1
DA:22,3
DA:33,3
DA:34,3
DA:35,3
DA:36,3
DA:40,2
DA:44,0
DA:45,0
DA:46,0
DA:47,0
DA:53,0
DA:54,0
DA:59,3
DA:60,3
DA:61,3
DA:62,0
DA:63,0
DA:68,0
DA:69,0
DA:70,0
DA:71,0
DA:72,0
DA:75,0
DA:79,0
DA:136,3
DA:143,1
LF:40
LH:25
BRDA:59,1,0,3
BRDA:59,1,1,0
BRF:2
BRH:1
end_of_record
TN:
SF:/Users/gertrudenyenyeshi/Desktop/code/checkpoints/check-4/app/scripts/components/Documents/Update.jsx
FN:3,(anonymous_1)
FN:15,getInitialState
FN:28,componentWillMount
FN:34,componentDidMount
FN:38,handleSelected
FN:51,fetchInputValues
FN:60,update
FN:72,render
FNF:8
FNH:7
FNDA:1,(anonymous_1)
FNDA:6,getInitialState
FNDA:6,componentWillMount
FNDA:5,componentDidMount
FNDA:0,handleSelected
FNDA:1,fetchInputValues
FNDA:1,update
FNDA:7,render
DA:3,1
DA:6,1
DA:14,1
DA:16,6
DA:29,6
DA:30,6
DA:31,6
DA:35,5
DA:39,0
DA:40,0
DA:41,0
DA:42,0
DA:48,0
DA:52,1
DA:53,1
DA:54,1
DA:55,1
DA:56,1
DA:57,1
DA:61,1
DA:62,1
DA:63,1
DA:64,1
DA:65,1
DA:66,1
DA:67,1
DA:68,1
DA:73,7
DA:74,7
DA:159,1
LF:30
LH:25
BRF:0
BRH:0
end_of_record
TN:
SF:/Users/gertrudenyenyeshi/Desktop/code/checkpoints/check-4/app/scripts/components/LandingPage/Header.jsx
FN:3,(anonymous_1)
FN:13,getInitialState
FN:21,componentDidMount
FN:25,handleSession
FN:37,logout
FN:43,render
FNF:6
FNH:6
FNDA:1,(anonymous_1)
FNDA:6,getInitialState
FNDA:2,componentDidMount
FNDA:2,handleSession
FNDA:1,logout
FNDA:8,render
DA:3,1
DA:6,1
DA:7,1
DA:8,1
DA:9,1
DA:10,1
DA:14,6
DA:22,2
DA:26,2
DA:27,2
DA:28,2
DA:38,1
DA:39,1
DA:44,8
LF:14
LH:14
BRDA:27,1,0,2
BRDA:27,1,1,0
BRF:2
BRH:1
end_of_record
TN:
SF:/Users/gertrudenyenyeshi/Desktop/code/checkpoints/check-4/app/scripts/components/LandingPage/LandingPage.jsx
FN:3,(anonymous_1)
FN:16,render
FNF:2
FNH:1
FNDA:1,(anonymous_1)
FNDA:0,render
DA:3,1
DA:4,1
DA:5,1
DA:6,1
DA:7,1
DA:8,1
DA:9,1
DA:10,1
DA:11,1
DA:12,1
DA:14,1
DA:17,0
DA:59,1
LF:13
LH:12
BRF:0
BRH:0
end_of_record
TN:
SF:/Users/gertrudenyenyeshi/Desktop/code/checkpoints/check-4/app/scripts/components/NotFound/NotFound.jsx
FN:3,(anonymous_1)
FN:9,render
FNF:2
FNH:1
FNDA:1,(anonymous_1)
FNDA:0,render
DA:3,1
DA:4,1
DA:5,1
DA:7,1
DA:10,0
DA:17,1
LF:6
LH:5
BRF:0
BRH:0
end_of_record
TN:
SF:/Users/gertrudenyenyeshi/Desktop/code/checkpoints/check-4/app/scripts/components/Profile/Profile.jsx
FN:3,(anonymous_1)
FN:13,getInitialState
FN:20,componentWillMount
FN:26,getUserData
FN:34,render
FNF:5
FNH:4
FNDA:1,(anonymous_1)
FNDA:3,getInitialState
FNDA:3,componentWillMount
FNDA:0,getUserData
FNDA:3,render
DA:3,1
DA:4,1
DA:5,1
DA:6,1
DA:7,1
DA:8,1
DA:9,1
DA:10,1
DA:12,1
DA:14,3
DA:21,3
DA:22,3
DA:23,3
DA:27,0
DA:28,0
DA:35,3
DA:110,1
LF:17
LH:15
BRF:0
BRH:0
end_of_record
TN:
SF:/Users/gertrudenyenyeshi/Desktop/code/checkpoints/check-4/client/front/components/Authentication/Auth-test.js
FN:3,(anonymous_1)
FN:14,(anonymous_2)
FN:15,(anonymous_3)
FN:20,(anonymous_4)
FN:33,(anonymous_5)
FN:40,(anonymous_6)
FN:63,(anonymous_7)
FN:72,(anonymous_8)
FN:84,(anonymous_9)
FN:96,(anonymous_10)
FN:103,preventDefault
FNF:11
FNH:10
FNDA:1,(anonymous_1)
FNDA:1,(anonymous_2)
FNDA:1,(anonymous_3)
FNDA:1,(anonymous_4)
FNDA:1,(anonymous_5)
FNDA:1,(anonymous_6)
FNDA:1,(anonymous_7)
FNDA:1,(anonymous_8)
FNDA:1,(anonymous_9)
FNDA:1,(anonymous_10)
FNDA:0,preventDefault
DA:3,1
DA:6,1
DA:14,1
DA:15,1
DA:16,1
DA:17,1
DA:18,1
DA:20,1
DA:21,1
DA:22,1
DA:23,1
DA:24,1
DA:25,1
DA:26,1
DA:27,1
DA:28,1
DA:29,1
DA:30,1
DA:31,1
DA:33,1
DA:34,1
DA:35,1
DA:36,1
DA:37,1
DA:40,1
DA:41,1
DA:42,1
DA:43,1
DA:59,1
DA:60,1
DA:63,1
DA:64,1
DA:65,1
DA:66,1
DA:69,1
DA:72,1
DA:73,1
DA:74,1
DA:75,1
DA:76,1
DA:79,1
DA:80,1
DA:81,1
DA:84,1
DA:85,1
DA:86,1
DA:87,1
DA:88,1
DA:91,1
DA:92,1
DA:93,1
DA:96,1
DA:97,1
DA:98,1
DA:105,1
DA:106,1
DA:107,1
DA:108,1
DA:109,1
LF:59
LH:59
BRF:0
BRH:0
end_of_record
TN:
SF:/Users/gertrudenyenyeshi/Desktop/code/checkpoints/check-4/client/front/components/Dashboard/Dashboard-test.js
FN:3,(anonymous_1)
FN:17,(anonymous_2)
FN:19,(anonymous_3)
FN:24,(anonymous_4)
FN:38,(anonymous_5)
FN:45,(anonymous_6)
FN:66,(anonymous_7)
FN:87,(anonymous_8)
FN:110,(anonymous_9)
FN:130,(anonymous_10)
FN:150,(anonymous_11)
FN:169,(anonymous_12)
FN:178,(anonymous_13)
FNF:13
FNH:13
FNDA:1,(anonymous_1)
FNDA:1,(anonymous_2)
FNDA:1,(anonymous_3)
FNDA:1,(anonymous_4)
FNDA:1,(anonymous_5)
FNDA:1,(anonymous_6)
FNDA:1,(anonymous_7)
FNDA:1,(anonymous_8)
FNDA:1,(anonymous_9)
FNDA:1,(anonymous_10)
FNDA:1,(anonymous_11)
FNDA:1,(anonymous_12)
FNDA:1,(anonymous_13)
DA:3,1
DA:6,1
DA:17,1
DA:19,1
DA:20,1
DA:21,1
DA:22,1
DA:24,1
DA:25,1
DA:26,1
DA:27,1
DA:28,1
DA:29,1
DA:30,1
DA:31,1
DA:32,1
DA:33,1
DA:34,1
DA:35,1
DA:36,1
DA:38,1
DA:39,1
DA:40,1
DA:41,1
DA:42,1
DA:43,1
DA:45,1
DA:46,1
DA:47,1
DA:48,1
DA:61,1
DA:62,1
DA:63,1
DA:64,1
DA:66,1
DA:67,1
DA:68,1
DA:69,1
DA:82,1
DA:83,1
DA:84,1
DA:85,1
DA:87,1
DA:88,1
DA:89,1
DA:90,1
DA:91,1
DA:104,1
DA:105,1
DA:106,1
DA:107,1
DA:108,1
DA:110,1
DA:111,1
DA:112,1
DA:125,1
DA:126,1
DA:127,1
DA:128,1
DA:130,1
DA:131,1
DA:132,1
DA:145,1
DA:146,1
DA:147,1
DA:148,1
DA:150,1
DA:151,1
DA:152,1
DA:165,1
DA:166,1
DA:167,1
DA:169,1
DA:170,1
DA:171,1
DA:172,1
DA:175,1
DA:176,1
DA:178,1
DA:179,1
DA:180,1
DA:181,1
DA:184,1
DA:185,1
LF:84
LH:84
BRF:0
BRH:0
end_of_record
TN:
SF:/Users/gertrudenyenyeshi/Desktop/code/checkpoints/check-4/client/front/components/Documents/Create-test.js
FN:3,(anonymous_1)
FN:14,(anonymous_2)
FN:15,(anonymous_3)
FN:19,(anonymous_4)
FN:26,(anonymous_5)
FN:31,(anonymous_6)
FN:38,preventDefault
FN:47,(anonymous_8)
FNF:8
FNH:7
FNDA:1,(anonymous_1)
FNDA:1,(anonymous_2)
FNDA:1,(anonymous_3)
FNDA:1,(anonymous_4)
FNDA:1,(anonymous_5)
FNDA:1,(anonymous_6)
FNDA:0,preventDefault
FNDA:1,(anonymous_8)
DA:3,1
DA:6,1
DA:14,1
DA:15,1
DA:16,1
DA:17,1
DA:19,1
DA:20,1
DA:21,1
DA:22,1
DA:23,1
DA:24,1
DA:26,1
DA:27,1
DA:28,1
DA:29,1
DA:31,1
DA:32,1
DA:33,1
DA:40,1
DA:41,1
DA:42,1
DA:43,1
DA:44,1
DA:47,1
DA:48,1
DA:49,1
DA:50,1
DA:51,1
DA:52,1
DA:53,1
DA:54,1
LF:32
LH:32
BRF:0
BRH:0
end_of_record
TN:
SF:/Users/gertrudenyenyeshi/Desktop/code/checkpoints/check-4/client/front/components/Documents/Document-test.js
FN:3,(anonymous_1)
FN:16,(anonymous_2)
FN:31,(anonymous_3)
FN:35,(anonymous_4)
FN:42,(anonymous_5)
FNF:5
FNH:5
FNDA:1,(anonymous_1)
FNDA:1,(anonymous_2)
FNDA:1,(anonymous_3)
FNDA:1,(anonymous_4)
FNDA:1,(anonymous_5)
DA:3,1
DA:6,1
DA:16,1
DA:18,1
DA:31,1
DA:32,1
DA:33,1
DA:35,1
DA:36,1
DA:37,1
DA:38,1
DA:39,1
DA:40,1
DA:42,1
DA:43,1
DA:44,1
DA:45,1
DA:46,1
DA:47,1
LF:19
LH:19
BRF:0
BRH:0
end_of_record
TN:
SF:/Users/gertrudenyenyeshi/Desktop/code/checkpoints/check-4/client/front/components/Documents/Documents-test.js
FN:3,(anonymous_1)
FN:13,(anonymous_2)
FN:39,(anonymous_3)
FNF:3
FNH:3
FNDA:1,(anonymous_1)
FNDA:1,(anonymous_2)
FNDA:1,(anonymous_3)
DA:3,1
DA:6,1
DA:13,1
DA:14,1
DA:39,1
DA:40,1
DA:41,1
DA:42,1
DA:43,1
LF:9
LH:9
BRF:0
BRH:0
end_of_record
TN:
SF:/Users/gertrudenyenyeshi/Desktop/code/checkpoints/check-4/client/front/components/LandingPage/Header-test.js
FN:3,(anonymous_1)
FN:13,(anonymous_2)
FN:15,(anonymous_3)
FN:19,(anonymous_4)
FN:22,(anonymous_5)
FN:30,(anonymous_6)
FN:37,(anonymous_7)
FN:43,(anonymous_8)
FNF:8
FNH:8
FNDA:1,(anonymous_1)
FNDA:1,(anonymous_2)
FNDA:1,(anonymous_3)
FNDA:1,(anonymous_4)
FNDA:1,(anonymous_5)
FNDA:1,(anonymous_6)
FNDA:1,(anonymous_7)
FNDA:1,(anonymous_8)
DA:3,1
DA:6,1
DA:13,1
DA:15,1
DA:16,1
DA:17,1
DA:19,1
DA:20,1
DA:22,1
DA:23,1
DA:25,1
DA:26,1
DA:27,1
DA:28,1
DA:30,1
DA:31,1
DA:32,1
DA:33,1
DA:34,1
DA:35,1
DA:37,1
DA:38,1
DA:39,1
DA:40,1
DA:41,1
DA:43,1
DA:44,1
DA:45,1
DA:46,1
DA:47,1
DA:48,1
DA:49,1
LF:32
LH:32
BRF:0
BRH:0
end_of_record
TN:
SF:/Users/gertrudenyenyeshi/Desktop/code/checkpoints/check-4/client/front/components/LandingPage/LandingPage-test.js
FNF:0
FNH:0
LF:0
LH:0
BRF:0
BRH:0
end_of_record
TN:
SF:/Users/gertrudenyenyeshi/Desktop/code/checkpoints/check-4/client/front/components/Profile/Profile-test.js
FN:3,(anonymous_1)
FN:16,(anonymous_2)
FN:17,(anonymous_3)
FN:21,(anonymous_4)
FN:28,(anonymous_5)
FNF:5
FNH:5
FNDA:1,(anonymous_1)
FNDA:1,(anonymous_2)
FNDA:1,(anonymous_3)
FNDA:1,(anonymous_4)
FNDA:1,(anonymous_5)
DA:3,1
DA:6,1
DA:16,1
DA:17,1
DA:18,1
DA:19,1
DA:21,1
DA:22,1
DA:23,1
DA:24,1
DA:25,1
DA:26,1
DA:28,1
DA:29,1
DA:30,1
DA:31,1
DA:32,1
LF:17
LH:17
BRF:0
BRH:0
end_of_record
TN:
SF:/Users/gertrudenyenyeshi/Desktop/code/checkpoints/check-4/client/front/components/Update/Update-test.js
FN:3,(anonymous_1)
FN:16,(anonymous_2)
FN:18,(anonymous_3)
FN:22,(anonymous_4)
FN:28,(anonymous_5)
FN:34,(anonymous_6)
FN:40,(anonymous_7)
FN:52,(anonymous_8)
FN:59,preventDefault
FNF:9
FNH:8
FNDA:1,(anonymous_1)
FNDA:1,(anonymous_2)
FNDA:1,(anonymous_3)
FNDA:1,(anonymous_4)
FNDA:1,(anonymous_5)
FNDA:1,(anonymous_6)
FNDA:1,(anonymous_7)
FNDA:1,(anonymous_8)
FNDA:0,preventDefault
DA:3,1
DA:6,1
DA:16,1
DA:18,1
DA:19,1
DA:20,1
DA:22,1
DA:23,1
DA:24,1
DA:25,1
DA:26,1
DA:28,1
DA:29,1
DA:30,1
DA:31,1
DA:32,1
DA:34,1
DA:35,1
DA:36,1
DA:37,1
DA:38,1
DA:40,1
DA:41,1
DA:42,1
DA:43,1
DA:44,1
DA:45,1
DA:46,1
DA:47,1
DA:48,1
DA:49,1
DA:52,1
DA:53,1
DA:54,1
DA:61,1
DA:62,1
DA:63,1
DA:64,1
DA:65,1
LF:39
LH:39
BRF:0
BRH:0
end_of_record
TN:
SF:/Users/gertrudenyenyeshi/Desktop/code/checkpoints/check-4/client/front/components/actions/BaseActions-test.js
FN:3,(anonymous_1)
FN:12,(anonymous_2)
FN:22,(anonymous_3)
FN:24,(anonymous_4)
FN:29,(anonymous_5)
FN:34,(anonymous_6)
FN:35,(anonymous_7)
FN:42,(anonymous_8)
FN:49,(anonymous_9)
FN:56,(anonymous_10)
FNF:10
FNH:10
FNDA:1,(anonymous_1)
FNDA:1,(anonymous_2)
FNDA:4,(anonymous_3)
FNDA:4,(anonymous_4)
FNDA:4,(anonymous_5)
FNDA:1,(anonymous_6)
FNDA:1,(anonymous_7)
FNDA:1,(anonymous_8)
FNDA:1,(anonymous_9)
FNDA:1,(anonymous_10)
DA:3,1
DA:6,1
DA:12,1
DA:13,1
DA:22,1
DA:23,4
DA:24,4
DA:25,4
DA:29,1
DA:30,4
DA:31,4
DA:34,1
DA:35,1
DA:36,1
DA:37,1
DA:42,1
DA:43,1
DA:44,1
DA:49,1
DA:50,1
DA:51,1
DA:56,1
DA:57,1
DA:58,1
LF:24
LH:24
BRF:0
BRH:0
end_of_record
TN:
SF:/Users/gertrudenyenyeshi/Desktop/code/checkpoints/check-4/client/front/components/actions/DocumentActions-test.js
FN:3,(anonymous_1)
FN:14,(anonymous_2)
FN:19,(anonymous_3)
FN:26,(anonymous_4)
FN:33,(anonymous_5)
FN:34,(anonymous_6)
FN:39,(anonymous_7)
FN:45,(anonymous_8)
FN:50,(anonymous_9)
FN:55,(anonymous_10)
FNF:10
FNH:10
FNDA:1,(anonymous_1)
FNDA:1,(anonymous_2)
FNDA:1,(anonymous_3)
FNDA:1,(anonymous_4)
FNDA:1,(anonymous_5)
FNDA:1,(anonymous_6)
FNDA:1,(anonymous_7)
FNDA:1,(anonymous_8)
FNDA:1,(anonymous_9)
FNDA:1,(anonymous_10)
DA:3,1
DA:6,1
DA:14,1
DA:15,1
DA:19,1
DA:20,1
DA:21,1
DA:22,1
DA:23,1
DA:26,1
DA:27,1
DA:28,1
DA:29,1
DA:30,1
DA:33,1
DA:34,1
DA:35,1
DA:36,1
DA:39,1
DA:40,1
DA:41,1
DA:42,1
DA:45,1
DA:46,1
DA:47,1
DA:50,1
DA:51,1
DA:52,1
DA:55,1
DA:56,1
DA:57,1
LF:31
LH:31
BRF:0
BRH:0
end_of_record
TN:
SF:/Users/gertrudenyenyeshi/Desktop/code/checkpoints/check-4/client/front/components/actions/UserActions-test.js
FN:3,(anonymous_1)
FN:14,(anonymous_2)
FN:19,(anonymous_3)
FN:26,(anonymous_4)
FN:33,(anonymous_5)
FN:34,(anonymous_6)
FN:38,(anonymous_7)
FN:42,(anonymous_8)
FNF:8
FNH:8
FNDA:1,(anonymous_1)
FNDA:1,(anonymous_2)
FNDA:3,(anonymous_3)
FNDA:3,(anonymous_4)
FNDA:1,(anonymous_5)
FNDA:1,(anonymous_6)
FNDA:1,(anonymous_7)
FNDA:1,(anonymous_8)
DA:3,1
DA:6,1
DA:14,1
DA:15,1
DA:19,1
DA:20,3
DA:21,3
DA:22,3
DA:23,3
DA:26,1
DA:27,3
DA:28,3
DA:29,3
DA:30,3
DA:33,1
DA:34,1
DA:35,1
DA:36,1
DA:38,1
DA:39,1
DA:40,1
DA:42,1
DA:43,1
DA:44,1
LF:24
LH:24
BRF:0
BRH:0
end_of_record
TN:
SF:/Users/gertrudenyenyeshi/Desktop/code/checkpoints/check-4/client/front/components/stores/DocumentStore-test.js
FN:3,(anonymous_1)
FN:13,(anonymous_2)
FN:16,(anonymous_3)
FN:23,(anonymous_4)
FN:28,(anonymous_5)
FN:44,(anonymous_6)
FN:57,(anonymous_7)
FN:71,(anonymous_8)
FNF:8
FNH:8
FNDA:1,(anonymous_1)
FNDA:1,(anonymous_2)
FNDA:1,(anonymous_3)
FNDA:1,(anonymous_4)
FNDA:1,(anonymous_5)
FNDA:1,(anonymous_6)
FNDA:1,(anonymous_7)
FNDA:1,(anonymous_8)
DA:3,1
DA:6,1
DA:7,1
DA:8,1
DA:9,1
DA:10,1
DA:11,1
DA:13,1
DA:14,1
DA:16,1
DA:17,1
DA:18,1
DA:19,1
DA:20,1
DA:23,1
DA:24,1
DA:25,1
DA:28,1
DA:29,1
DA:30,1
DA:37,1
DA:38,1
DA:39,1
DA:40,1
DA:41,1
DA:44,1
DA:45,1
DA:46,1
DA:50,1
DA:51,1
DA:52,1
DA:53,1
DA:54,1
DA:57,1
DA:58,1
DA:59,1
DA:65,1
DA:66,1
DA:67,1
DA:68,1
DA:71,1
DA:72,1
DA:73,1
DA:80,1
DA:81,1
DA:82,1
DA:83,1
LF:47
LH:47
BRF:0
BRH:0
end_of_record
TN:
SF:/Users/gertrudenyenyeshi/Desktop/code/checkpoints/check-4/client/front/components/stores/UserStore-test.js
FN:3,(anonymous_1)
FN:12,(anonymous_2)
FN:15,(anonymous_3)
FN:16,(anonymous_4)
FN:24,(anonymous_5)
FN:30,(anonymous_6)
FN:56,(anonymous_7)
FN:75,(anonymous_8)
FNF:8
FNH:8
FNDA:1,(anonymous_1)
FNDA:1,(anonymous_2)
FNDA:1,(anonymous_3)
FNDA:3,(anonymous_4)
FNDA:1,(anonymous_5)
FNDA:1,(anonymous_6)
FNDA:1,(anonymous_7)
FNDA:1,(anonymous_8)
DA:3,1
DA:6,1
DA:7,1
DA:8,1
DA:9,1
DA:10,1
DA:12,1
DA:13,1
DA:15,1
DA:16,1
DA:17,3
DA:19,1
DA:20,1
DA:21,1
DA:24,1
DA:25,1
DA:26,1
DA:27,1
DA:30,1
DA:31,1
DA:32,1
DA:51,1
DA:52,1
DA:53,1
DA:54,1
DA:56,1
DA:57,1
DA:58,1
DA:69,1
DA:70,1
DA:71,1
DA:72,1
DA:73,1
DA:75,1
DA:76,1
DA:77,1
DA:88,1
DA:89,1
DA:90,1
DA:91,1
DA:92,1
LF:41
LH:41
BRF:0
BRH:0
end_of_record
