TN:
SF:/Users/gertrudenyenyeshi/Desktop/code/checkpoints/check-4/app/scripts/actions/BaseActions.js
FN:3,(anonymous_1)
FN:10,get
FN:11,(anonymous_3)
FN:19,put
FN:20,(anonymous_5)
FN:28,_delete
FN:29,(anonymous_7)
FN:37,post
FN:38,(anonymous_9)
FNF:9
FNH:9
FNDA:1,(anonymous_1)
FNDA:78,get
FNDA:71,(anonymous_3)
FNDA:1,put
FNDA:1,(anonymous_5)
FNDA:1,_delete
FNDA:1,(anonymous_7)
FNDA:1,post
FNDA:1,(anonymous_9)
DA:3,1
DA:6,1
DA:7,1
DA:9,1
DA:11,78
DA:12,71
DA:20,1
DA:21,1
DA:29,1
DA:30,1
DA:38,1
DA:39,1
LF:12
LH:12
BRF:0
BRH:0
end_of_record
TN:
SF:/Users/gertrudenyenyeshi/Desktop/code/checkpoints/check-4/app/scripts/dispatcher/AppDispatcher.js
FN:3,(anonymous_1)
FNF:1
FNH:1
FNDA:1,(anonymous_1)
DA:3,1
DA:6,1
DA:7,1
LF:3
LH:3
BRF:0
BRH:0
end_of_record
TN:
SF:/Users/gertrudenyenyeshi/Desktop/code/checkpoints/check-4/app/scripts/actions/DocumentActions.js
FN:3,(anonymous_1)
FN:10,userDocuments
FN:13,ownerDocuments
FN:16,createDocument
FN:19,deleteDocument
FN:22,setDoc
FN:25,updateDoc
FNF:7
FNH:6
FNDA:1,(anonymous_1)
FNDA:26,userDocuments
FNDA:26,ownerDocuments
FNDA:0,createDocument
FNDA:1,deleteDocument
FNDA:6,setDoc
FNDA:1,updateDoc
DA:3,1
DA:6,1
DA:7,1
DA:9,1
DA:11,26
DA:14,26
DA:17,0
DA:20,1
DA:23,6
DA:26,1
LF:10
LH:9
BRF:0
BRH:0
end_of_record
TN:
SF:/Users/gertrudenyenyeshi/Desktop/code/checkpoints/check-4/app/scripts/constants/DocConstants.js
FN:3,(anonymous_1)
FNF:1
FNH:1
FNDA:1,(anonymous_1)
DA:3,1
DA:6,1
LF:2
LH:2
BRF:0
BRH:0
end_of_record
TN:
SF:/Users/gertrudenyenyeshi/Desktop/code/checkpoints/check-4/app/scripts/actions/UserActions.js
FN:3,(anonymous_1)
FN:10,login
FN:13,signup
FN:16,decode
FN:19,userData
FNF:5
FNH:5
FNDA:1,(anonymous_1)
FNDA:1,login
FNDA:1,signup
FNDA:12,decode
FNDA:11,userData
DA:3,1
DA:6,1
DA:7,1
DA:9,1
DA:11,1
DA:14,1
DA:17,12
DA:20,11
LF:8
LH:8
BRF:0
BRH:0
end_of_record
TN:
SF:/Users/gertrudenyenyeshi/Desktop/code/checkpoints/check-4/app/scripts/stores/BaseStore.js
FN:3,(anonymous_1)
FN:10,addChangeListener
FN:18,removeChangeListener
FN:22,emitChange
FNF:4
FNH:3
FNDA:1,(anonymous_1)
FNDA:45,addChangeListener
FNDA:0,removeChangeListener
FNDA:47,emitChange
DA:3,1
DA:6,1
DA:7,1
DA:9,1
DA:11,45
DA:12,45
DA:14,0
DA:19,0
DA:23,47
DA:24,47
DA:26,0
DA:31,1
LF:12
LH:9
BRDA:11,1,0,45
BRDA:11,1,1,0
BRDA:23,2,0,47
BRDA:23,2,1,0
BRF:4
BRH:2
end_of_record
TN:
SF:/Users/gertrudenyenyeshi/Desktop/code/checkpoints/check-4/app/scripts/stores/DocumentStore.js
FN:3,(anonymous_1)
FN:19,setUserDocs
FN:24,getUserDocs
FN:28,setOwnerDocs
FN:42,getOwnerDocs
FN:46,deleteDoc
FN:50,getDeleted
FN:57,createDocs
FN:60,setSelectedDoc
FN:64,getSelectedDoc
FN:68,setUpdatedDoc
FN:72,getUpdatedDoc
FN:77,(anonymous_13)
FNF:13
FNH:10
FNDA:1,(anonymous_1)
FNDA:28,setUserDocs
FNDA:38,getUserDocs
FNDA:28,setOwnerDocs
FNDA:11,getOwnerDocs
FNDA:1,deleteDoc
FNDA:1,getDeleted
FNDA:0,createDocs
FNDA:0,setSelectedDoc
FNDA:0,getSelectedDoc
FNDA:1,setUpdatedDoc
FNDA:1,getUpdatedDoc
FNDA:77,(anonymous_13)
DA:3,1
DA:6,1
DA:7,1
DA:8,1
DA:9,1
DA:11,1
DA:20,28
DA:21,28
DA:25,38
DA:29,28
DA:30,0
DA:34,0
DA:35,0
DA:37,3
DA:38,3
DA:43,11
DA:47,1
DA:51,1
DA:52,1
DA:54,0
DA:58,0
DA:61,0
DA:62,0
DA:65,0
DA:69,1
DA:73,1
DA:77,1
DA:78,77
DA:80,26
DA:81,1
DA:83,26
DA:84,1
DA:86,0
DA:87,0
DA:89,1
DA:90,1
DA:92,0
DA:93,0
DA:95,1
DA:96,1
DA:99,27
DA:101,1
LF:42
LH:30
BRDA:29,1,0,0
BRDA:29,1,1,3
BRDA:51,2,0,1
BRDA:51,2,1,0
BRDA:78,3,0,26
BRDA:78,3,1,26
BRDA:78,3,2,0
BRDA:78,3,3,1
BRDA:78,3,4,0
BRDA:78,3,5,1
BRDA:78,3,6,23
BRF:11
BRH:7
end_of_record
TN:
SF:/Users/gertrudenyenyeshi/Desktop/code/checkpoints/check-4/app/scripts/stores/UserStore.js
FN:3,(anonymous_1)
FN:17,setLoginData
FN:22,getLoginData
FN:26,setSignUpData
FN:31,getSignUpData
FN:35,setDecodedData
FN:40,getDecodedData
FN:44,setUserData
FN:49,getUserData
FN:53,(anonymous_10)
FNF:10
FNH:8
FNDA:1,(anonymous_1)
FNDA:3,setLoginData
FNDA:10,getLoginData
FNDA:3,setSignUpData
FNDA:6,getSignUpData
FNDA:15,setDecodedData
FNDA:50,getDecodedData
FNDA:0,setUserData
FNDA:0,getUserData
FNDA:27,(anonymous_10)
DA:3,1
DA:6,1
DA:7,1
DA:8,1
DA:9,1
DA:11,1
DA:18,3
DA:19,3
DA:23,10
DA:27,3
DA:28,3
DA:32,6
DA:36,15
DA:37,15
DA:41,50
DA:45,0
DA:46,0
DA:50,0
DA:53,1
DA:54,27
DA:56,1
DA:57,1
DA:59,1
DA:60,1
DA:62,11
DA:63,1
DA:66,17
DA:68,1
LF:28
LH:25
BRDA:54,1,0,1
BRDA:54,1,1,1
BRDA:54,1,2,11
BRDA:54,1,3,14
BRF:4
BRH:4
end_of_record
TN:
SF:/Users/gertrudenyenyeshi/Desktop/code/checkpoints/check-4/app/scripts/components/Authentication/Auth.jsx
FN:3,(anonymous_1)
FN:16,getInitialState
FN:38,componentDidMount
FN:43,handleSignUp
FN:57,handleLogin
FN:68,handleLoginAction
FN:78,handleSignUpAction
FN:88,fetchValues
FN:96,render
FNF:9
FNH:7
FNDA:1,(anonymous_1)
FNDA:8,getInitialState
FNDA:6,componentDidMount
FNDA:5,handleSignUp
FNDA:9,handleLogin
FNDA:0,handleLoginAction
FNDA:0,handleSignUpAction
FNDA:1,fetchValues
FNDA:11,render
DA:3,1
DA:4,1
DA:5,1
DA:6,1
DA:7,1
DA:8,1
DA:9,1
DA:10,1
DA:11,1
DA:12,1
DA:14,1
DA:17,8
DA:39,6
DA:40,6
DA:44,5
DA:45,5
DA:46,3
DA:48,2
DA:49,2
DA:58,9
DA:59,9
DA:60,5
DA:62,4
DA:63,4
DA:64,4
DA:69,0
DA:70,0
DA:71,0
DA:72,0
DA:73,0
DA:75,0
DA:79,0
DA:80,0
DA:81,0
DA:82,0
DA:84,0
DA:89,1
DA:90,1
DA:91,1
DA:92,1
DA:93,1
DA:97,11
DA:155,1
LF:43
LH:32
BRDA:45,1,0,3
BRDA:45,1,1,2
BRDA:59,2,0,5
BRDA:59,2,1,4
BRDA:72,3,0,0
BRDA:72,3,1,0
BRDA:72,4,0,0
BRDA:72,4,1,0
BRDA:81,5,0,0
BRDA:81,5,1,0
BRDA:81,6,0,0
BRDA:81,6,1,0
BRDA:81,6,2,0
BRDA:81,6,3,0
BRDA:81,6,4,0
BRF:15
BRH:4
end_of_record
TN:
SF:/Users/gertrudenyenyeshi/Desktop/code/checkpoints/check-4/app/scripts/components/SignUpForm/SignUpForm.jsx
FN:3,(anonymous_1)
FN:11,render
FNF:2
FNH:2
FNDA:1,(anonymous_1)
FNDA:9,render
DA:3,1
DA:6,1
DA:7,1
DA:9,1
DA:12,9
LF:5
LH:5
BRF:0
BRH:0
end_of_record
TN:
SF:/Users/gertrudenyenyeshi/Desktop/code/checkpoints/check-4/app/scripts/components/LoginForm/LoginForm.jsx
FN:3,(anonymous_1)
FN:11,render
FNF:2
FNH:2
FNDA:1,(anonymous_1)
FNDA:9,render
DA:3,1
DA:6,1
DA:7,1
DA:9,1
DA:12,9
LF:5
LH:5
BRF:0
BRH:0
end_of_record
TN:
SF:/Users/gertrudenyenyeshi/Desktop/code/checkpoints/check-4/app/scripts/components/Dashboard/Dashboard.jsx
FN:3,(anonymous_1)
FN:20,getInitialState
FN:42,componentDidMount
FN:47,componentWillMount
FN:55,getOwnerDocuments
FN:62,getUserDocuments
FN:69,getDecoded
FN:86,fetchInputValues
FN:93,render
FNF:9
FNH:8
FNDA:1,(anonymous_1)
FNDA:11,getInitialState
FNDA:9,componentDidMount
FNDA:11,componentWillMount
FNDA:7,getOwnerDocuments
FNDA:34,getUserDocuments
FNDA:46,getDecoded
FNDA:0,fetchInputValues
FNDA:77,render
DA:3,1
DA:4,1
DA:5,1
DA:6,1
DA:7,1
DA:8,1
DA:9,1
DA:10,1
DA:11,1
DA:12,1
DA:13,1
DA:14,1
DA:15,1
DA:16,1
DA:18,1
DA:21,11
DA:43,9
DA:44,9
DA:48,11
DA:49,11
DA:50,11
DA:51,11
DA:52,11
DA:56,7
DA:57,7
DA:63,34
DA:64,34
DA:70,46
DA:71,46
DA:72,10
DA:74,10
DA:75,36
DA:77,11
DA:79,25
DA:80,25
DA:81,25
DA:82,25
DA:87,0
DA:88,0
DA:89,0
DA:90,0
DA:94,77
DA:120,1
LF:43
LH:39
BRDA:71,1,0,10
BRDA:71,1,1,26
BRDA:75,2,0,11
BRDA:75,2,1,25
BRF:4
BRH:4
end_of_record
TN:
SF:/Users/gertrudenyenyeshi/Desktop/code/checkpoints/check-4/app/scripts/components/Documents/Documents.jsx
FN:3,(anonymous_1)
FN:15,render
FN:16,(anonymous_3)
FNF:3
FNH:3
FNDA:1,(anonymous_1)
FNDA:70,render
FNDA:53,(anonymous_3)
DA:3,1
DA:6,1
DA:7,1
DA:8,1
DA:9,1
DA:10,1
DA:11,1
DA:12,1
DA:14,1
DA:16,70
DA:17,53
DA:49,70
LF:12
LH:12
BRF:0
BRH:0
end_of_record
TN:
SF:/Users/gertrudenyenyeshi/Desktop/code/checkpoints/check-4/app/scripts/components/Documents/PublicDocs.jsx
FN:3,(anonymous_1)
FN:15,render
FN:16,(anonymous_3)
FN:18,docContent
FNF:4
FNH:3
FNDA:1,(anonymous_1)
FNDA:69,render
FNDA:27,(anonymous_3)
FNDA:0,docContent
DA:3,1
DA:6,1
DA:7,1
DA:8,1
DA:9,1
DA:10,1
DA:11,1
DA:12,1
DA:14,1
DA:16,69
DA:17,27
DA:18,27
DA:19,0
DA:27,27
DA:64,44
LF:15
LH:14
BRF:0
BRH:0
end_of_record
TN:
SF:/Users/gertrudenyenyeshi/Desktop/code/checkpoints/check-4/app/scripts/components/Documents/Create.jsx
FN:3,(anonymous_1)
FN:12,componentWillMount
FN:20,getInitialState
FN:30,fetchInputValues
FN:38,saveDocument
FN:46,render
FNF:6
FNH:6
FNDA:1,(anonymous_1)
FNDA:5,componentWillMount
FNDA:5,getInitialState
FNDA:1,fetchInputValues
FNDA:1,saveDocument
FNDA:6,render
DA:3,1
DA:4,1
DA:5,1
DA:6,1
DA:7,1
DA:8,1
DA:9,1
DA:11,1
DA:13,5
DA:14,5
DA:16,0
DA:21,5
DA:31,1
DA:32,1
DA:33,1
DA:34,1
DA:35,1
DA:39,1
DA:40,1
DA:41,1
DA:43,1
DA:47,6
DA:143,1
LF:23
LH:22
BRDA:14,1,0,0
BRDA:14,1,1,5
BRF:2
BRH:1
end_of_record
TN:
SF:/Users/gertrudenyenyeshi/Desktop/code/checkpoints/check-4/app/scripts/components/Documents/Document.jsx
FN:3,(anonymous_1)
FN:18,getInitialState
FN:30,componentWillMount
FN:37,componentDidMount
FN:41,handleSelected
FN:50,back
FN:56,render
FN:58,(anonymous_8)
FN:59,deleteDoc
FN:64,onSubmit
FN:71,onClose
FNF:11
FNH:1
FNDA:1,(anonymous_1)
FNDA:0,getInitialState
FNDA:0,componentWillMount
FNDA:0,componentDidMount
FNDA:0,handleSelected
FNDA:0,back
FNDA:0,render
FNDA:0,(anonymous_8)
FNDA:0,deleteDoc
FNDA:0,onSubmit
FNDA:0,onClose
DA:3,1
DA:4,1
DA:5,1
DA:6,1
DA:7,1
DA:8,1
DA:9,1
DA:10,1
DA:11,1
DA:12,1
DA:13,1
DA:14,1
DA:15,1
DA:17,1
DA:19,0
DA:20,0
DA:31,0
DA:32,0
DA:33,0
DA:34,0
DA:38,0
DA:42,0
DA:43,0
DA:44,0
DA:45,0
DA:51,0
DA:52,0
DA:57,0
DA:58,0
DA:59,0
DA:60,0
DA:65,0
DA:66,0
DA:67,0
DA:68,0
DA:69,0
DA:72,0
DA:76,0
DA:128,0
DA:135,1
LF:40
LH:15
BRDA:57,1,0,0
BRDA:57,1,1,0
BRF:2
BRH:0
end_of_record
TN:
SF:/Users/gertrudenyenyeshi/Desktop/code/checkpoints/check-4/app/scripts/components/Documents/Update.jsx
FN:3,(anonymous_1)
FN:15,getInitialState
FN:28,componentWillMount
FN:34,componentDidMount
FN:38,handleSelected
FN:51,fetchInputValues
FN:60,update
FN:72,render
FNF:8
FNH:6
FNDA:1,(anonymous_1)
FNDA:5,getInitialState
FNDA:5,componentWillMount
FNDA:4,componentDidMount
FNDA:0,handleSelected
FNDA:0,fetchInputValues
FNDA:1,update
FNDA:5,render
DA:3,1
DA:6,1
DA:14,1
DA:16,5
DA:29,5
DA:30,5
DA:31,5
DA:35,4
DA:39,0
DA:40,0
DA:41,0
DA:42,0
DA:48,0
DA:52,0
DA:53,0
DA:54,0
DA:55,0
DA:56,0
DA:57,0
DA:61,1
DA:62,1
DA:63,1
DA:64,1
DA:65,1
DA:66,1
DA:67,1
DA:68,1
DA:73,5
DA:74,5
DA:159,1
LF:30
LH:19
BRF:0
BRH:0
end_of_record
TN:
SF:/Users/gertrudenyenyeshi/Desktop/code/checkpoints/check-4/app/scripts/components/LandingPage/Header.jsx
FN:3,(anonymous_1)
FN:14,getInitialState
FN:22,componentDidMount
FN:26,handleSession
FN:38,logout
FN:43,render
FNF:6
FNH:1
FNDA:1,(anonymous_1)
FNDA:0,getInitialState
FNDA:0,componentDidMount
FNDA:0,handleSession
FNDA:0,logout
FNDA:0,render
DA:3,1
DA:6,1
DA:7,1
DA:8,1
DA:9,1
DA:10,1
DA:15,0
DA:23,0
DA:27,0
DA:28,0
DA:29,0
DA:39,0
DA:40,0
DA:44,0
LF:14
LH:6
BRDA:28,1,0,0
BRDA:28,1,1,0
BRF:2
BRH:0
end_of_record
TN:
SF:/Users/gertrudenyenyeshi/Desktop/code/checkpoints/check-4/app/scripts/components/LandingPage/LandingPage.jsx
FN:3,(anonymous_1)
FN:16,render
FNF:2
FNH:1
FNDA:1,(anonymous_1)
FNDA:0,render
DA:3,1
DA:4,1
DA:5,1
DA:6,1
DA:7,1
DA:8,1
DA:9,1
DA:10,1
DA:11,1
DA:12,1
DA:14,1
DA:17,0
DA:59,1
LF:13
LH:12
BRF:0
BRH:0
end_of_record
TN:
SF:/Users/gertrudenyenyeshi/Desktop/code/checkpoints/check-4/app/scripts/components/NotFound/NotFound.jsx
FN:3,(anonymous_1)
FN:9,render
FNF:2
FNH:1
FNDA:1,(anonymous_1)
FNDA:0,render
DA:3,1
DA:4,1
DA:5,1
DA:7,1
DA:10,0
DA:17,1
LF:6
LH:5
BRF:0
BRH:0
end_of_record
TN:
SF:/Users/gertrudenyenyeshi/Desktop/code/checkpoints/check-4/app/scripts/components/Profile/Profile.jsx
FN:3,(anonymous_1)
FN:13,getInitialState
FN:20,componentWillMount
FN:26,getUserData
FN:37,render
FNF:5
FNH:1
FNDA:1,(anonymous_1)
FNDA:0,getInitialState
FNDA:0,componentWillMount
FNDA:0,getUserData
FNDA:0,render
DA:3,1
DA:4,1
DA:5,1
DA:6,1
DA:7,1
DA:8,1
DA:9,1
DA:10,1
DA:12,1
DA:14,0
DA:21,0
DA:22,0
DA:23,0
DA:27,0
DA:28,0
DA:29,0
DA:34,0
DA:35,0
DA:38,0
DA:113,1
LF:20
LH:10
BRF:0
BRH:0
end_of_record
TN:
SF:/Users/gertrudenyenyeshi/Desktop/code/checkpoints/check-4/client/front/components/Authentication/Auth-test.js
FN:3,(anonymous_1)
FN:14,(anonymous_2)
FN:15,(anonymous_3)
FN:20,(anonymous_4)
FN:33,(anonymous_5)
FN:40,(anonymous_6)
FN:63,(anonymous_7)
FN:72,(anonymous_8)
FN:84,(anonymous_9)
FN:96,(anonymous_10)
FN:103,preventDefault
FNF:11
FNH:10
FNDA:1,(anonymous_1)
FNDA:1,(anonymous_2)
FNDA:1,(anonymous_3)
FNDA:1,(anonymous_4)
FNDA:1,(anonymous_5)
FNDA:1,(anonymous_6)
FNDA:1,(anonymous_7)
FNDA:1,(anonymous_8)
FNDA:1,(anonymous_9)
FNDA:1,(anonymous_10)
FNDA:0,preventDefault
DA:3,1
DA:6,1
DA:14,1
DA:15,1
DA:16,1
DA:17,1
DA:18,1
DA:20,1
DA:21,1
DA:22,1
DA:23,1
DA:24,1
DA:25,1
DA:26,1
DA:27,1
DA:28,1
DA:29,1
DA:30,1
DA:31,1
DA:33,1
DA:34,1
DA:35,1
DA:36,1
DA:37,1
DA:40,1
DA:41,1
DA:42,1
DA:43,1
DA:59,1
DA:60,1
DA:63,1
DA:64,1
DA:65,1
DA:66,1
DA:69,1
DA:72,1
DA:73,1
DA:74,1
DA:75,1
DA:76,1
DA:79,1
DA:80,1
DA:81,1
DA:84,1
DA:85,1
DA:86,1
DA:87,1
DA:88,1
DA:91,1
DA:92,1
DA:93,1
DA:96,1
DA:97,1
DA:98,1
DA:105,1
DA:106,1
DA:107,1
DA:108,1
DA:109,1
LF:59
LH:59
BRF:0
BRH:0
end_of_record
TN:
SF:/Users/gertrudenyenyeshi/Desktop/code/checkpoints/check-4/client/front/components/Dashboard/Dashboard-test.js
FN:3,(anonymous_1)
FN:17,(anonymous_2)
FN:19,(anonymous_3)
FN:24,(anonymous_4)
FN:38,(anonymous_5)
FN:45,(anonymous_6)
FN:66,(anonymous_7)
FN:87,(anonymous_8)
FN:110,(anonymous_9)
FN:130,(anonymous_10)
FN:150,(anonymous_11)
FN:169,(anonymous_12)
FN:178,(anonymous_13)
FNF:13
FNH:13
FNDA:1,(anonymous_1)
FNDA:1,(anonymous_2)
FNDA:1,(anonymous_3)
FNDA:1,(anonymous_4)
FNDA:1,(anonymous_5)
FNDA:1,(anonymous_6)
FNDA:1,(anonymous_7)
FNDA:1,(anonymous_8)
FNDA:1,(anonymous_9)
FNDA:1,(anonymous_10)
FNDA:1,(anonymous_11)
FNDA:1,(anonymous_12)
FNDA:1,(anonymous_13)
DA:3,1
DA:6,1
DA:17,1
DA:19,1
DA:20,1
DA:21,1
DA:22,1
DA:24,1
DA:25,1
DA:26,1
DA:27,1
DA:28,1
DA:29,1
DA:30,1
DA:31,1
DA:32,1
DA:33,1
DA:34,1
DA:35,1
DA:36,1
DA:38,1
DA:39,1
DA:40,1
DA:41,1
DA:42,1
DA:43,1
DA:45,1
DA:46,1
DA:47,1
DA:48,1
DA:61,1
DA:62,1
DA:63,1
DA:64,1
DA:66,1
DA:67,1
DA:68,1
DA:69,1
DA:82,1
DA:83,1
DA:84,1
DA:85,1
DA:87,1
DA:88,1
DA:89,1
DA:90,1
DA:91,1
DA:104,1
DA:105,1
DA:106,1
DA:107,1
DA:108,1
DA:110,1
DA:111,1
DA:112,1
DA:125,1
DA:126,1
DA:127,1
DA:128,1
DA:130,1
DA:131,1
DA:132,1
DA:145,1
DA:146,1
DA:147,1
DA:148,1
DA:150,1
DA:151,1
DA:152,1
DA:165,1
DA:166,1
DA:167,1
DA:169,1
DA:170,1
DA:171,1
DA:172,1
DA:175,1
DA:176,1
DA:178,1
DA:179,1
DA:180,1
DA:181,1
DA:184,1
DA:185,1
LF:84
LH:84
BRF:0
BRH:0
end_of_record
TN:
SF:/Users/gertrudenyenyeshi/Desktop/code/checkpoints/check-4/client/front/components/Documents/Create-test.js
FN:3,(anonymous_1)
FN:13,(anonymous_2)
FN:14,(anonymous_3)
FN:18,(anonymous_4)
FN:25,(anonymous_5)
FN:30,(anonymous_6)
FN:37,preventDefault
FN:46,(anonymous_8)
FNF:8
FNH:7
FNDA:1,(anonymous_1)
FNDA:1,(anonymous_2)
FNDA:1,(anonymous_3)
FNDA:1,(anonymous_4)
FNDA:1,(anonymous_5)
FNDA:1,(anonymous_6)
FNDA:0,preventDefault
FNDA:1,(anonymous_8)
DA:3,1
DA:6,1
DA:13,1
DA:14,1
DA:15,1
DA:16,1
DA:18,1
DA:19,1
DA:20,1
DA:21,1
DA:22,1
DA:23,1
DA:25,1
DA:26,1
DA:27,1
DA:28,1
DA:30,1
DA:31,1
DA:32,1
DA:39,1
DA:40,1
DA:41,1
DA:42,1
DA:43,1
DA:46,1
DA:47,1
DA:48,1
DA:49,1
DA:50,1
DA:51,1
LF:30
LH:30
BRF:0
BRH:0
end_of_record
TN:
SF:/Users/gertrudenyenyeshi/Desktop/code/checkpoints/check-4/client/front/components/Documents/Document-test.js
FNF:0
FNH:0
LF:0
LH:0
BRF:0
BRH:0
end_of_record
TN:
SF:/Users/gertrudenyenyeshi/Desktop/code/checkpoints/check-4/client/front/components/Documents/Documents-test.js
FN:3,(anonymous_1)
FN:13,(anonymous_2)
FN:39,(anonymous_3)
FNF:3
FNH:3
FNDA:1,(anonymous_1)
FNDA:1,(anonymous_2)
FNDA:1,(anonymous_3)
DA:3,1
DA:6,1
DA:13,1
DA:14,1
DA:39,1
DA:40,1
DA:41,1
DA:42,1
DA:43,1
LF:9
LH:9
BRF:0
BRH:0
end_of_record
TN:
SF:/Users/gertrudenyenyeshi/Desktop/code/checkpoints/check-4/client/front/components/LandingPage/Header-test.js
FNF:0
FNH:0
LF:0
LH:0
BRF:0
BRH:0
end_of_record
TN:
SF:/Users/gertrudenyenyeshi/Desktop/code/checkpoints/check-4/client/front/components/LandingPage/LandingPage-test.js
FNF:0
FNH:0
LF:0
LH:0
BRF:0
BRH:0
end_of_record
TN:
SF:/Users/gertrudenyenyeshi/Desktop/code/checkpoints/check-4/client/front/components/Update/Update-test.js
FN:3,(anonymous_1)
FN:16,(anonymous_2)
FN:18,(anonymous_3)
FN:22,(anonymous_4)
FN:28,(anonymous_5)
FN:34,(anonymous_6)
FN:40,(anonymous_7)
FNF:7
FNH:7
FNDA:1,(anonymous_1)
FNDA:1,(anonymous_2)
FNDA:1,(anonymous_3)
FNDA:1,(anonymous_4)
FNDA:1,(anonymous_5)
FNDA:1,(anonymous_6)
FNDA:1,(anonymous_7)
DA:3,1
DA:6,1
DA:16,1
DA:18,1
DA:19,1
DA:20,1
DA:22,1
DA:23,1
DA:24,1
DA:25,1
DA:26,1
DA:28,1
DA:29,1
DA:30,1
DA:31,1
DA:32,1
DA:34,1
DA:35,1
DA:36,1
DA:37,1
DA:38,1
DA:40,1
DA:41,1
DA:42,1
DA:43,1
DA:44,1
DA:45,1
DA:46,1
DA:47,1
DA:48,1
DA:49,1
LF:31
LH:31
BRF:0
BRH:0
end_of_record
TN:
SF:/Users/gertrudenyenyeshi/Desktop/code/checkpoints/check-4/client/front/components/actions/BaseActions-test.js
FN:3,(anonymous_1)
FN:12,(anonymous_2)
FN:22,(anonymous_3)
FN:24,(anonymous_4)
FN:29,(anonymous_5)
FN:34,(anonymous_6)
FN:35,(anonymous_7)
FN:42,(anonymous_8)
FN:49,(anonymous_9)
FN:56,(anonymous_10)
FNF:10
FNH:10
FNDA:1,(anonymous_1)
FNDA:1,(anonymous_2)
FNDA:4,(anonymous_3)
FNDA:4,(anonymous_4)
FNDA:4,(anonymous_5)
FNDA:1,(anonymous_6)
FNDA:1,(anonymous_7)
FNDA:1,(anonymous_8)
FNDA:1,(anonymous_9)
FNDA:1,(anonymous_10)
DA:3,1
DA:6,1
DA:12,1
DA:13,1
DA:22,1
DA:23,4
DA:24,4
DA:25,4
DA:29,1
DA:30,4
DA:31,4
DA:34,1
DA:35,1
DA:36,1
DA:37,1
DA:42,1
DA:43,1
DA:44,1
DA:49,1
DA:50,1
DA:51,1
DA:56,1
DA:57,1
DA:58,1
LF:24
LH:24
BRF:0
BRH:0
end_of_record
TN:
SF:/Users/gertrudenyenyeshi/Desktop/code/checkpoints/check-4/client/front/components/actions/DocumentActions-test.js
FN:3,(anonymous_1)
FN:14,(anonymous_2)
FN:19,(anonymous_3)
FN:26,(anonymous_4)
FN:33,(anonymous_5)
FN:34,(anonymous_6)
FN:39,(anonymous_7)
FN:45,(anonymous_8)
FN:50,(anonymous_9)
FN:55,(anonymous_10)
FNF:10
FNH:10
FNDA:1,(anonymous_1)
FNDA:1,(anonymous_2)
FNDA:1,(anonymous_3)
FNDA:1,(anonymous_4)
FNDA:1,(anonymous_5)
FNDA:1,(anonymous_6)
FNDA:1,(anonymous_7)
FNDA:1,(anonymous_8)
FNDA:1,(anonymous_9)
FNDA:1,(anonymous_10)
DA:3,1
DA:6,1
DA:14,1
DA:15,1
DA:19,1
DA:20,1
DA:21,1
DA:22,1
DA:23,1
DA:26,1
DA:27,1
DA:28,1
DA:29,1
DA:30,1
DA:33,1
DA:34,1
DA:35,1
DA:36,1
DA:39,1
DA:40,1
DA:41,1
DA:42,1
DA:45,1
DA:46,1
DA:47,1
DA:50,1
DA:51,1
DA:52,1
DA:55,1
DA:56,1
DA:57,1
LF:31
LH:31
BRF:0
BRH:0
end_of_record
TN:
SF:/Users/gertrudenyenyeshi/Desktop/code/checkpoints/check-4/client/front/components/actions/UserActions-test.js
FN:3,(anonymous_1)
FN:14,(anonymous_2)
FN:19,(anonymous_3)
FN:26,(anonymous_4)
FN:33,(anonymous_5)
FN:34,(anonymous_6)
FN:38,(anonymous_7)
FN:42,(anonymous_8)
FNF:8
FNH:8
FNDA:1,(anonymous_1)
FNDA:1,(anonymous_2)
FNDA:3,(anonymous_3)
FNDA:3,(anonymous_4)
FNDA:1,(anonymous_5)
FNDA:1,(anonymous_6)
FNDA:1,(anonymous_7)
FNDA:1,(anonymous_8)
DA:3,1
DA:6,1
DA:14,1
DA:15,1
DA:19,1
DA:20,3
DA:21,3
DA:22,3
DA:23,3
DA:26,1
DA:27,3
DA:28,3
DA:29,3
DA:30,3
DA:33,1
DA:34,1
DA:35,1
DA:36,1
DA:38,1
DA:39,1
DA:40,1
DA:42,1
DA:43,1
DA:44,1
LF:24
LH:24
BRF:0
BRH:0
end_of_record
TN:
SF:/Users/gertrudenyenyeshi/Desktop/code/checkpoints/check-4/client/front/components/stores/DocumentStore-test.js
FN:3,(anonymous_1)
FN:13,(anonymous_2)
FN:16,(anonymous_3)
FN:23,(anonymous_4)
FN:28,(anonymous_5)
FN:44,(anonymous_6)
FN:57,(anonymous_7)
FN:71,(anonymous_8)
FNF:8
FNH:8
FNDA:1,(anonymous_1)
FNDA:1,(anonymous_2)
FNDA:1,(anonymous_3)
FNDA:1,(anonymous_4)
FNDA:1,(anonymous_5)
FNDA:1,(anonymous_6)
FNDA:1,(anonymous_7)
FNDA:1,(anonymous_8)
DA:3,1
DA:6,1
DA:7,1
DA:8,1
DA:9,1
DA:10,1
DA:11,1
DA:13,1
DA:14,1
DA:16,1
DA:17,1
DA:18,1
DA:19,1
DA:20,1
DA:23,1
DA:24,1
DA:25,1
DA:28,1
DA:29,1
DA:30,1
DA:37,1
DA:38,1
DA:39,1
DA:40,1
DA:41,1
DA:44,1
DA:45,1
DA:46,1
DA:50,1
DA:51,1
DA:52,1
DA:53,1
DA:54,1
DA:57,1
DA:58,1
DA:59,1
DA:65,1
DA:66,1
DA:67,1
DA:68,1
DA:71,1
DA:72,1
DA:73,1
DA:80,1
DA:81,1
DA:82,1
DA:83,1
LF:47
LH:47
BRF:0
BRH:0
end_of_record
TN:
SF:/Users/gertrudenyenyeshi/Desktop/code/checkpoints/check-4/client/front/components/stores/UserStore-test.js
FN:3,(anonymous_1)
FN:12,(anonymous_2)
FN:15,(anonymous_3)
FN:16,(anonymous_4)
FN:24,(anonymous_5)
FN:30,(anonymous_6)
FN:56,(anonymous_7)
FN:75,(anonymous_8)
FNF:8
FNH:8
FNDA:1,(anonymous_1)
FNDA:1,(anonymous_2)
FNDA:1,(anonymous_3)
FNDA:3,(anonymous_4)
FNDA:1,(anonymous_5)
FNDA:1,(anonymous_6)
FNDA:1,(anonymous_7)
FNDA:1,(anonymous_8)
DA:3,1
DA:6,1
DA:7,1
DA:8,1
DA:9,1
DA:10,1
DA:12,1
DA:13,1
DA:15,1
DA:16,1
DA:17,3
DA:19,1
DA:20,1
DA:21,1
DA:24,1
DA:25,1
DA:26,1
DA:27,1
DA:30,1
DA:31,1
DA:32,1
DA:51,1
DA:52,1
DA:53,1
DA:54,1
DA:56,1
DA:57,1
DA:58,1
DA:69,1
DA:70,1
DA:71,1
DA:72,1
DA:73,1
DA:75,1
DA:76,1
DA:77,1
DA:88,1
DA:89,1
DA:90,1
DA:91,1
DA:92,1
LF:41
LH:41
BRF:0
BRH:0
end_of_record
