{
  "/Users/gertrudenyenyeshi/Desktop/code/checkpoints/check-4/client/compiler.js": {
    "path": "/Users/gertrudenyenyeshi/Desktop/code/checkpoints/check-4/client/compiler.js",
    "s": {
      "1": 1,
      "2": 1,
      "3": 417,
      "4": 406,
      "5": 11,
      "6": 11,
      "7": 11
    },
    "b": {
      "1": [406, 11],
      "2": [406, 0]
    },
    "f": {
      "1": 417
    },
    "fnMap": {
      "1": {
        "name": "(anonymous_1)",
        "line": 6,
        "loc": {
          "start": {
            "line": 6,
            "column": 28
          },
          "end": {
            "line": 6,
            "column": 55
          }
        }
      }
    },
    "statementMap": {
      "1": {
        "start": {
          "line": 2,
          "column": 0
        },
        "end": {
          "line": 4,
          "column": 39
        }
      },
      "2": {
        "start": {
          "line": 6,
          "column": 0
        },
        "end": {
          "line": 14,
          "column": 2
        }
      },
      "3": {
        "start": {
          "line": 8,
          "column": 2
        },
        "end": {
          "line": 10,
          "column": 3
        }
      },
      "4": {
        "start": {
          "line": 9,
          "column": 4
        },
        "end": {
          "line": 9,
          "column": 67
        }
      },
      "5": {
        "start": {
          "line": 11,
          "column": 2
        },
        "end": {
          "line": 11,
          "column": 50
        }
      },
      "6": {
        "start": {
          "line": 12,
          "column": 2
        },
        "end": {
          "line": 12,
          "column": 64
        }
      },
      "7": {
        "start": {
          "line": 13,
          "column": 2
        },
        "end": {
          "line": 13,
          "column": 45
        }
      }
    },
    "branchMap": {
      "1": {
        "line": 8,
        "type": "if",
        "locations": [{
          "start": {
            "line": 8,
            "column": 2
          },
          "end": {
            "line": 8,
            "column": 2
          }
        }, {
          "start": {
            "line": 8,
            "column": 2
          },
          "end": {
            "line": 8,
            "column": 2
          }
        }]
      },
      "2": {
        "line": 9,
        "type": "binary-expr",
        "locations": [{
          "start": {
            "line": 9,
            "column": 12
          },
          "end": {
            "line": 9,
            "column": 18
          }
        }, {
          "start": {
            "line": 9,
            "column": 22
          },
          "end": {
            "line": 9,
            "column": 47
          }
        }]
      }
    }
  }
}
